#
# There is insufficient memory for the Java Runtime Environment to continue.
# Native memory allocation (malloc) failed to allocate 68976 bytes for Chunk::new
# Possible reasons:
#   The system is out of physical RAM or swap space
#   The process is running with CompressedOops enabled, and the Java Heap may be blocking the growth of the native heap
# Possible solutions:
#   Reduce memory load on the system
#   Increase physical memory or swap space
#   Check if swap backing store is full
#   Decrease Java heap size (-Xmx/-Xms)
#   Decrease number of Java threads
#   Decrease Java thread stack sizes (-Xss)
#   Set larger code cache with -XX:ReservedCodeCacheSize=
#   JVM is running with Unscaled Compressed Oops mode in which the Java heap is
#     placed in the first 4GB address space. The Java Heap base address is the
#     maximum limit for the native heap growth. Please use -XX:HeapBaseMinAddress
#     to set the Java Heap base and to place the Java Heap above 4GB virtual address.
# This output file may be truncated or incomplete.
#
#  Out of Memory Error (t:/workspace/open/src/hotspot/share/memory/arena.cpp:197), pid=18452, tid=19608
#
# JRE version: OpenJDK Runtime Environment (11.0.1+13) (build 11.0.1+13)
# Java VM: OpenJDK 64-Bit Server VM (11.0.1+13, mixed mode, tiered, compressed oops, g1 gc, windows-amd64)
# No core dump will be written. Minidumps are not enabled by default on client versions of Windows
#

---------------  S U M M A R Y ------------

Command Line: -Xmx64m -Dorg.gradle.appname=gradlew org.gradle.wrapper.GradleWrapperMain deploy -PteamNumber=2557 --offline -Dorg.gradle.java.home=C:\Users\Public\frc2019\jdk

Host: Intel(R) Core(TM) i3-7100U CPU @ 2.40GHz, 4 cores, 3G,  Windows 10 , 64 bit Build 17134 (10.0.17134.1)
Time: Tue Jan 29 12:10:45 2019 Pacific Standard Time elapsed time: 0 seconds (0d 0h 0m 0s)

---------------  T H R E A D  ---------------

Current thread (0x00000200665ce000):  JavaThread "C2 CompilerThread0" daemon [_thread_in_native, id=19608, stack(0x000000bf4f400000,0x000000bf4f500000)]


Current CompileTask:
C2:    536  273 %     4       java.lang.StringUTF16::compress @ 3 (50 bytes)

Stack: [0x000000bf4f400000,0x000000bf4f500000]
Native frames: (J=compiled Java code, j=interpreted, Vv=VM code, C=native code)
V  [jvm.dll+0x63ad9a]
V  [jvm.dll+0x77851f]
V  [jvm.dll+0x779b08]
V  [jvm.dll+0x77a1c3]
V  [jvm.dll+0x2624c8]
V  [jvm.dll+0xc5b61]
V  [jvm.dll+0xc60fc]
V  [jvm.dll+0x36e637]
V  [jvm.dll+0x33b413]
V  [jvm.dll+0x33a7ea]
V  [jvm.dll+0x21c365]
V  [jvm.dll+0x21b50a]
V  [jvm.dll+0x198400]
V  [jvm.dll+0x22a4ff]
V  [jvm.dll+0x228b18]
V  [jvm.dll+0x73dc2d]
V  [jvm.dll+0x639e32]
C  [ucrtbase.dll+0x1c4ce]
C  [KERNEL32.DLL+0x13034]
C  [ntdll.dll+0x73691]


---------------  P R O C E S S  ---------------

Threads class SMR info:
_java_thread_list=0x0000020067246f60, length=11, elements={
0x000002004c383000, 0x000002006656b000, 0x0000020066575000, 0x00000200665ca000,
0x00000200665cd000, 0x00000200665ce000, 0x0000020066ed2800, 0x0000020066ee1800,
0x0000020067037000, 0x000002006704a000, 0x000002006725f800
}

Java Threads: ( => current thread )
  0x000002004c383000 JavaThread "main" [_thread_blocked, id=12240, stack(0x000000bf4e900000,0x000000bf4ea00000)]
  0x000002006656b000 JavaThread "Reference Handler" daemon [_thread_blocked, id=21756, stack(0x000000bf4f000000,0x000000bf4f100000)]
  0x0000020066575000 JavaThread "Finalizer" daemon [_thread_blocked, id=16356, stack(0x000000bf4f100000,0x000000bf4f200000)]
  0x00000200665ca000 JavaThread "Signal Dispatcher" daemon [_thread_blocked, id=14744, stack(0x000000bf4f200000,0x000000bf4f300000)]
  0x00000200665cd000 JavaThread "Attach Listener" daemon [_thread_blocked, id=6944, stack(0x000000bf4f300000,0x000000bf4f400000)]
=>0x00000200665ce000 JavaThread "C2 CompilerThread0" daemon [_thread_in_native, id=19608, stack(0x000000bf4f400000,0x000000bf4f500000)]
  0x0000020066ed2800 JavaThread "C1 CompilerThread0" daemon [_thread_blocked, id=18892, stack(0x000000bf4f500000,0x000000bf4f600000)]
  0x0000020066ee1800 JavaThread "Sweeper thread" daemon [_thread_blocked, id=12808, stack(0x000000bf4f600000,0x000000bf4f700000)]
  0x0000020067037000 JavaThread "Service Thread" daemon [_thread_blocked, id=4932, stack(0x000000bf4f700000,0x000000bf4f800000)]
  0x000002006704a000 JavaThread "Common-Cleaner" daemon [_thread_blocked, id=7484, stack(0x000000bf4f900000,0x000000bf4fa00000)]
  0x000002006725f800 JavaThread "C2 CompilerThread1" daemon [_thread_blocked, id=2252, stack(0x000000bf4fb00000,0x000000bf4fc00000)]

Other Threads:
  0x0000020066544000 VMThread "VM Thread" [stack: 0x000000bf4ef00000,0x000000bf4f000000] [id=13452]
  0x000002006703c000 WatcherThread [stack: 0x000000bf4f800000,0x000000bf4f900000] [id=21112]
  0x000002004c39a800 GCTaskThread "GC Thread#0" [stack: 0x000000bf4ea00000,0x000000bf4eb00000] [id=9508]
  0x0000020067139800 GCTaskThread "GC Thread#1" [stack: 0x000000bf4fa00000,0x000000bf4fb00000] [id=19000]
  0x000002004c3a1000 ConcurrentGCThread "G1 Main Marker" [stack: 0x000000bf4eb00000,0x000000bf4ec00000] [id=19336]
  0x000002004c3a2800 ConcurrentGCThread "G1 Conc#0" [stack: 0x000000bf4ec00000,0x000000bf4ed00000] [id=20404]
  0x000002004c42f000 ConcurrentGCThread "G1 Refine#0" [stack: 0x000000bf4ed00000,0x000000bf4ee00000] [id=11572]
  0x000002004c431000 ConcurrentGCThread "G1 Young RemSet Sampling" [stack: 0x000000bf4ee00000,0x000000bf4ef00000] [id=18264]

Threads with active compile tasks:
C2 CompilerThread0 273 %     4       java.lang.StringUTF16::compress @ 3 (50 bytes)

VM state:not at safepoint (normal execution)

VM Mutex/Monitor currently owned by a thread: None

OutOfMemory and StackOverflow Exception counts:
OutOfMemoryError java_heap_errors=4
LinkageErrors=3

Heap address: 0x00000000fc000000, size: 64 MB, Compressed Oops mode: 32-bit
Narrow klass base: 0x0000000000000000, Narrow klass shift: 3
Compressed class space size: 1073741824 Address: 0x0000000100000000

Heap:
 garbage-first heap   total 63488K, used 5462K [0x00000000fc000000, 0x0000000100000000)
  region size 1024K, 7 young (7168K), 2 survivors (2048K)
 Metaspace       used 7423K, capacity 7579K, committed 7680K, reserved 1062912K
  class space    used 670K, capacity 714K, committed 768K, reserved 1048576K
Heap Regions: E=young(eden), S=young(survivor), O=old, HS=humongous(starts), HC=humongous(continues), CS=collection set, F=free, A=archive, TAMS=top-at-mark-start (previous, next)
|   0|0x00000000fc000000, 0x00000000fc000000, 0x00000000fc100000|  0%| F|  |TAMS 0x00000000fc000000, 0x00000000fc000000| Untracked 
|   1|0x00000000fc100000, 0x00000000fc100000, 0x00000000fc200000|  0%| F|  |TAMS 0x00000000fc100000, 0x00000000fc100000| Untracked 
|   2|0x00000000fc200000, 0x00000000fc200000, 0x00000000fc300000|  0%| F|  |TAMS 0x00000000fc200000, 0x00000000fc200000| Untracked 
|   3|0x00000000fc300000, 0x00000000fc300000, 0x00000000fc400000|  0%| F|  |TAMS 0x00000000fc300000, 0x00000000fc300000| Untracked 
|   4|0x00000000fc400000, 0x00000000fc400000, 0x00000000fc500000|  0%| F|  |TAMS 0x00000000fc400000, 0x00000000fc400000| Untracked 
|   5|0x00000000fc500000, 0x00000000fc500000, 0x00000000fc600000|  0%| F|  |TAMS 0x00000000fc500000, 0x00000000fc500000| Untracked 
|   6|0x00000000fc600000, 0x00000000fc600000, 0x00000000fc700000|  0%| F|  |TAMS 0x00000000fc600000, 0x00000000fc600000| Untracked 
|   7|0x00000000fc700000, 0x00000000fc700000, 0x00000000fc800000|  0%| F|  |TAMS 0x00000000fc700000, 0x00000000fc700000| Untracked 
|   8|0x00000000fc800000, 0x00000000fc800000, 0x00000000fc900000|  0%| F|  |TAMS 0x00000000fc800000, 0x00000000fc800000| Untracked 
|   9|0x00000000fc900000, 0x00000000fc900000, 0x00000000fca00000|  0%| F|  |TAMS 0x00000000fc900000, 0x00000000fc900000| Untracked 
|  10|0x00000000fca00000, 0x00000000fca00000, 0x00000000fcb00000|  0%| F|  |TAMS 0x00000000fca00000, 0x00000000fca00000| Untracked 
|  11|0x00000000fcb00000, 0x00000000fcb00000, 0x00000000fcc00000|  0%| F|  |TAMS 0x00000000fcb00000, 0x00000000fcb00000| Untracked 
|  12|0x00000000fcc00000, 0x00000000fcc00000, 0x00000000fcd00000|  0%| F|  |TAMS 0x00000000fcc00000, 0x00000000fcc00000| Untracked 
|  13|0x00000000fcd00000, 0x00000000fcd00000, 0x00000000fce00000|  0%| F|  |TAMS 0x00000000fcd00000, 0x00000000fcd00000| Untracked 
|  14|0x00000000fce00000, 0x00000000fce00000, 0x00000000fcf00000|  0%| F|  |TAMS 0x00000000fce00000, 0x00000000fce00000| Untracked 
|  15|0x00000000fcf00000, 0x00000000fcf00000, 0x00000000fd000000|  0%| F|  |TAMS 0x00000000fcf00000, 0x00000000fcf00000| Untracked 
|  16|0x00000000fd000000, 0x00000000fd000000, 0x00000000fd100000|  0%| F|  |TAMS 0x00000000fd000000, 0x00000000fd000000| Untracked 
|  17|0x00000000fd100000, 0x00000000fd100000, 0x00000000fd200000|  0%| F|  |TAMS 0x00000000fd100000, 0x00000000fd100000| Untracked 
|  18|0x00000000fd200000, 0x00000000fd200000, 0x00000000fd300000|  0%| F|  |TAMS 0x00000000fd200000, 0x00000000fd200000| Untracked 
|  19|0x00000000fd300000, 0x00000000fd300000, 0x00000000fd400000|  0%| F|  |TAMS 0x00000000fd300000, 0x00000000fd300000| Untracked 
|  20|0x00000000fd400000, 0x00000000fd400000, 0x00000000fd500000|  0%| F|  |TAMS 0x00000000fd400000, 0x00000000fd400000| Untracked 
|  21|0x00000000fd500000, 0x00000000fd500000, 0x00000000fd600000|  0%| F|  |TAMS 0x00000000fd500000, 0x00000000fd500000| Untracked 
|  22|0x00000000fd600000, 0x00000000fd600000, 0x00000000fd700000|  0%| F|  |TAMS 0x00000000fd600000, 0x00000000fd600000| Untracked 
|  23|0x00000000fd700000, 0x00000000fd700000, 0x00000000fd800000|  0%| F|  |TAMS 0x00000000fd700000, 0x00000000fd700000| Untracked 
|  24|0x00000000fd800000, 0x00000000fd800000, 0x00000000fd900000|  0%| F|  |TAMS 0x00000000fd800000, 0x00000000fd800000| Untracked 
|  25|0x00000000fd900000, 0x00000000fd900000, 0x00000000fda00000|  0%| F|  |TAMS 0x00000000fd900000, 0x00000000fd900000| Untracked 
|  26|0x00000000fda00000, 0x00000000fda00000, 0x00000000fdb00000|  0%| F|  |TAMS 0x00000000fda00000, 0x00000000fda00000| Untracked 
|  27|0x00000000fdb00000, 0x00000000fdb00000, 0x00000000fdc00000|  0%| F|  |TAMS 0x00000000fdb00000, 0x00000000fdb00000| Untracked 
|  28|0x00000000fdc00000, 0x00000000fdc00000, 0x00000000fdd00000|  0%| F|  |TAMS 0x00000000fdc00000, 0x00000000fdc00000| Untracked 
|  29|0x00000000fdd00000, 0x00000000fdd00000, 0x00000000fde00000|  0%| F|  |TAMS 0x00000000fdd00000, 0x00000000fdd00000| Untracked 
|  30|0x00000000fde00000, 0x00000000fde00000, 0x00000000fdf00000|  0%| F|  |TAMS 0x00000000fde00000, 0x00000000fde00000| Untracked 
|  31|0x00000000fdf00000, 0x00000000fdf00000, 0x00000000fe000000|  0%| F|  |TAMS 0x00000000fdf00000, 0x00000000fdf00000| Untracked 
|  32|0x00000000fe000000, 0x00000000fe000000, 0x00000000fe100000|  0%| F|  |TAMS 0x00000000fe000000, 0x00000000fe000000| Untracked 
|  33|0x00000000fe100000, 0x00000000fe100000, 0x00000000fe200000|  0%| F|  |TAMS 0x00000000fe100000, 0x00000000fe100000| Untracked 
|  34|0x00000000fe200000, 0x00000000fe200000, 0x00000000fe300000|  0%| F|  |TAMS 0x00000000fe200000, 0x00000000fe200000| Untracked 
|  35|0x00000000fe300000, 0x00000000fe300000, 0x00000000fe400000|  0%| F|  |TAMS 0x00000000fe300000, 0x00000000fe300000| Untracked 
|  36|0x00000000fe400000, 0x00000000fe400000, 0x00000000fe500000|  0%| F|  |TAMS 0x00000000fe400000, 0x00000000fe400000| Untracked 
|  37|0x00000000fe500000, 0x00000000fe500000, 0x00000000fe600000|  0%| F|  |TAMS 0x00000000fe500000, 0x00000000fe500000| Untracked 
|  38|0x00000000fe600000, 0x00000000fe600000, 0x00000000fe700000|  0%| F|  |TAMS 0x00000000fe600000, 0x00000000fe600000| Untracked 
|  39|0x00000000fe700000, 0x00000000fe700000, 0x00000000fe800000|  0%| F|  |TAMS 0x00000000fe700000, 0x00000000fe700000| Untracked 
|  40|0x00000000fe800000, 0x00000000fe800000, 0x00000000fe900000|  0%| F|  |TAMS 0x00000000fe800000, 0x00000000fe800000| Untracked 
|  41|0x00000000fe900000, 0x00000000fe900000, 0x00000000fea00000|  0%| F|  |TAMS 0x00000000fe900000, 0x00000000fe900000| Untracked 
|  42|0x00000000fea00000, 0x00000000fea00000, 0x00000000feb00000|  0%| F|  |TAMS 0x00000000fea00000, 0x00000000fea00000| Untracked 
|  43|0x00000000feb00000, 0x00000000feb00000, 0x00000000fec00000|  0%| F|  |TAMS 0x00000000feb00000, 0x00000000feb00000| Untracked 
|  44|0x00000000fec00000, 0x00000000fec00000, 0x00000000fed00000|  0%| F|  |TAMS 0x00000000fec00000, 0x00000000fec00000| Untracked 
|  45|0x00000000fed00000, 0x00000000fed00000, 0x00000000fee00000|  0%| F|  |TAMS 0x00000000fed00000, 0x00000000fed00000| Untracked 
|  46|0x00000000fee00000, 0x00000000fee00000, 0x00000000fef00000|  0%| F|  |TAMS 0x00000000fee00000, 0x00000000fee00000| Untracked 
|  47|0x00000000fef00000, 0x00000000fef00000, 0x00000000ff000000|  0%| F|  |TAMS 0x00000000fef00000, 0x00000000fef00000| Untracked 
|  48|0x00000000ff000000, 0x00000000ff000000, 0x00000000ff100000|  0%| F|  |TAMS 0x00000000ff000000, 0x00000000ff000000| Untracked 
|  49|0x00000000ff100000, 0x00000000ff100000, 0x00000000ff200000|  0%| F|  |TAMS 0x00000000ff100000, 0x00000000ff100000| Untracked 
|  50|0x00000000ff200000, 0x00000000ff200000, 0x00000000ff300000|  0%| F|  |TAMS 0x00000000ff200000, 0x00000000ff200000| Untracked 
|  51|0x00000000ff300000, 0x00000000ff300000, 0x00000000ff400000|  0%| F|  |TAMS 0x00000000ff300000, 0x00000000ff300000| Untracked 
|  52|0x00000000ff400000, 0x00000000ff400000, 0x00000000ff500000|  0%| F|  |TAMS 0x00000000ff400000, 0x00000000ff400000| Untracked 
|  53|0x00000000ff500000, 0x00000000ff500000, 0x00000000ff600000|  0%| F|  |TAMS 0x00000000ff500000, 0x00000000ff500000| Untracked 
|  54|0x00000000ff600000, 0x00000000ff600000, 0x00000000ff700000|  0%| F|  |TAMS 0x00000000ff600000, 0x00000000ff600000| Untracked 
|  55|0x00000000ff700000, 0x00000000ff800000, 0x00000000ff800000|100%| E|  |TAMS 0x00000000ff700000, 0x00000000ff700000| Complete 
|  56|0x00000000ff800000, 0x00000000ff900000, 0x00000000ff900000|100%| E|CS|TAMS 0x00000000ff800000, 0x00000000ff800000| Complete 
|  57|0x00000000ff900000, 0x00000000ff955860, 0x00000000ffa00000| 33%| S|CS|TAMS 0x00000000ff900000, 0x00000000ff900000| Complete 
|  58|0x00000000ffa00000, 0x00000000ffb00000, 0x00000000ffb00000|100%| S|CS|TAMS 0x00000000ffa00000, 0x00000000ffa00000| Complete 
|  59|0x00000000ffb00000, 0x00000000ffc00000, 0x00000000ffc00000|100%| E|CS|TAMS 0x00000000ffb00000, 0x00000000ffb00000| Complete 
|  60|0x00000000ffc00000, 0x00000000ffd00000, 0x00000000ffd00000|100%| E|CS|TAMS 0x00000000ffc00000, 0x00000000ffc00000| Complete 
|  61|0x00000000ffd00000, 0x00000000ffe00000, 0x00000000ffe00000|100%| E|CS|TAMS 0x00000000ffd00000, 0x00000000ffd00000| Complete 

Card table byte_map: [0x000002004c4b0000,0x000002004c4d0000] _byte_map_base: 0x000002004bcd0000

Marking Bits (Prev, Next): (CMBitMap*) 0x000002004c39ff50, (CMBitMap*) 0x000002004c39ff18
 Prev Bits: [0x0000020063ea0000, 0x0000020063fa0000)
 Next Bits: [0x0000020063da0000, 0x0000020063ea0000)

Polling page: 0x000002004c460000

Metaspace:

Usage:
  Non-class:      6.70 MB capacity,     6.59 MB ( 98%) used,   107.14 KB (  2%) free+waste,     5.13 KB ( <1%) overhead. 
      Class:    714.00 KB capacity,   670.98 KB ( 94%) used,    40.64 KB (  6%) free+waste,     2.38 KB ( <1%) overhead. 
       Both:      7.40 MB capacity,     7.25 MB ( 98%) used,   147.78 KB (  2%) free+waste,     7.50 KB ( <1%) overhead. 

Virtual space:
  Non-class space:       14.00 MB reserved,       6.75 MB ( 48%) committed 
      Class space:        1.00 GB reserved,     768.00 KB ( <1%) committed 
             Both:        1.01 GB reserved,       7.50 MB ( <1%) committed 

Chunk freelists:
   Non-Class:  5.88 KB
       Class:  0 bytes
        Both:  5.88 KB

CodeHeap 'non-profiled nmethods': size=120064Kb used=123Kb max_used=123Kb free=119940Kb
 bounds [0x000002005c240000, 0x000002005c4b0000, 0x0000020063780000]
CodeHeap 'profiled nmethods': size=120000Kb used=608Kb max_used=608Kb free=119391Kb
 bounds [0x0000020054d10000, 0x0000020054f80000, 0x000002005c240000]
CodeHeap 'non-nmethods': size=5696Kb used=1063Kb max_used=1075Kb free=4633Kb
 bounds [0x0000020054780000, 0x00000200549f0000, 0x0000020054d10000]
 total_blobs=895 nmethods=436 adapters=264
 compilation: enabled
              stopped_count=0, restarted_count=0
 full_count=0

Compilation events (10 events):
Event: 0.476 Thread 0x0000020066ed2800  301       3       java.util.LinkedHashMap$Entry::<init> (10 bytes)
Event: 0.477 Thread 0x0000020066ed2800 nmethod 301 0x0000020054d72e90 code [0x0000020054d73060, 0x0000020054d73398]
Event: 0.477 Thread 0x0000020066ed2800  302       3       java.lang.String::substring (68 bytes)
Event: 0.478 Thread 0x0000020066ed2800 nmethod 302 0x0000020054d73490 code [0x0000020054d736e0, 0x0000020054d73e80]
Event: 0.478 Thread 0x0000020066ed2800  303       1       java.io.File::getPath (5 bytes)
Event: 0.478 Thread 0x0000020066ed2800 nmethod 303 0x000002005c253f90 code [0x000002005c254140, 0x000002005c254258]
Event: 0.478 Thread 0x0000020066ed2800  304       3       java.io.RandomAccessFile::read (8 bytes)
Event: 0.478 Thread 0x0000020066ed2800 nmethod 304 0x0000020054d74110 code [0x0000020054d742c0, 0x0000020054d74450]
Event: 0.478 Thread 0x0000020066ed2800  305       3       java.util.LinkedHashMap$LinkedHashIterator::hasNext (13 bytes)
Event: 0.478 Thread 0x0000020066ed2800 nmethod 305 0x0000020054d74510 code [0x0000020054d746c0, 0x0000020054d74878]

GC Heap History (2 events):
Event: 0.383 GC heap before
{Heap before GC invocations=0 (full 0):
 garbage-first heap   total 63488K, used 2048K [0x00000000fc000000, 0x0000000100000000)
  region size 1024K, 3 young (3072K), 0 survivors (0K)
 Metaspace       used 6935K, capacity 7038K, committed 7040K, reserved 1062912K
  class space    used 611K, capacity 640K, committed 640K, reserved 1048576K
}
Event: 0.388 GC heap after
{Heap after GC invocations=1 (full 0):
 garbage-first heap   total 63488K, used 1366K [0x00000000fc000000, 0x0000000100000000)
  region size 1024K, 2 young (2048K), 2 survivors (2048K)
 Metaspace       used 6935K, capacity 7038K, committed 7040K, reserved 1062912K
  class space    used 611K, capacity 640K, committed 640K, reserved 1048576K
}

Deoptimization events (1 events):
Event: 0.185 Thread 0x000002004c383000 Uncommon trap: reason=unstable_if action=reinterpret pc=0x000002005c245274 method=java.lang.String.hashCode()I @ 14 c2

Classes redefined (0 events):
No events

Internal exceptions (1 events):
Event: 0.473 Thread 0x000002004c383000 Exception <a 'java/lang/NoSuchMethodError'{0x00000000ffc55fd8}: java.lang.invoke.DirectMethodHandle$Holder.invokeSpecialIFC(Ljava/lang/Object;Ljava/lang/Object;I)I> (0x00000000ffc55fd8) thrown at [t:/workspace/open/src/hotspot/share/interpreter/linkResolv

Events (10 events):
Event: 0.471 loading class org/gradle/internal/io/TextStream
Event: 0.471 loading class org/gradle/internal/io/TextStream done
Event: 0.471 loading class org/gradle/internal/io/LineBufferingOutputStream
Event: 0.471 loading class org/gradle/internal/io/LineBufferingOutputStream done
Event: 0.473 loading class java/lang/NoSuchMethodError
Event: 0.473 loading class java/lang/IncompatibleClassChangeError
Event: 0.473 loading class java/lang/IncompatibleClassChangeError done
Event: 0.473 loading class java/lang/NoSuchMethodError done
Event: 0.473 loading class sun/reflect/misc/ReflectUtil
Event: 0.473 loading class sun/reflect/misc/ReflectUtil done


Dynamic libraries:
0x00007ff608fe0000 - 0x00007ff609025000 	C:\Users\Public\frc2019\jdk\bin\java.exe
0x00007fff97770000 - 0x00007fff97951000 	C:\WINDOWS\SYSTEM32\ntdll.dll
0x00007fff957a0000 - 0x00007fff95852000 	C:\WINDOWS\System32\KERNEL32.DLL
0x00007fff94020000 - 0x00007fff94293000 	C:\WINDOWS\System32\KERNELBASE.dll
0x00007fff952c0000 - 0x00007fff95450000 	C:\WINDOWS\System32\USER32.dll
0x00007fff93cf0000 - 0x00007fff93d10000 	C:\WINDOWS\System32\win32u.dll
0x00007fff95910000 - 0x00007fff95938000 	C:\WINDOWS\System32\GDI32.dll
0x00007fff942a0000 - 0x00007fff94432000 	C:\WINDOWS\System32\gdi32full.dll
0x00007fff93f00000 - 0x00007fff93f9f000 	C:\WINDOWS\System32\msvcp_win.dll
0x00007fff93b40000 - 0x00007fff93c3a000 	C:\WINDOWS\System32\ucrtbase.dll
0x00007fff7f020000 - 0x00007fff7f289000 	C:\WINDOWS\WinSxS\amd64_microsoft.windows.common-controls_6595b64144ccf1df_6.0.17134.523_none_fb409dd930672a56\COMCTL32.dll
0x00007fff95120000 - 0x00007fff951be000 	C:\WINDOWS\System32\msvcrt.dll
0x00007fff97160000 - 0x00007fff97482000 	C:\WINDOWS\System32\combase.dll
0x00007fff955a0000 - 0x00007fff956c4000 	C:\WINDOWS\System32\RPCRT4.dll
0x00007fff93fa0000 - 0x00007fff9401a000 	C:\WINDOWS\System32\bcryptPrimitives.dll
0x00007fff95940000 - 0x00007fff9596d000 	C:\WINDOWS\System32\IMM32.DLL
0x00007fff79a00000 - 0x00007fff79a16000 	C:\Users\Public\frc2019\jdk\bin\vcruntime140.dll
0x00007fff63b40000 - 0x00007fff63bdb000 	C:\Users\Public\frc2019\jdk\bin\msvcp140.dll
0x00007fff39e70000 - 0x00007fff3a9b1000 	C:\Users\Public\frc2019\jdk\bin\server\jvm.dll
0x00007fff95860000 - 0x00007fff95901000 	C:\WINDOWS\System32\ADVAPI32.dll
0x00007fff97490000 - 0x00007fff974eb000 	C:\WINDOWS\System32\sechost.dll
0x00007fff974f0000 - 0x00007fff974f8000 	C:\WINDOWS\System32\PSAPI.DLL
0x00007fff7ed90000 - 0x00007fff7ed99000 	C:\WINDOWS\SYSTEM32\WSOCK32.dll
0x00007fff917b0000 - 0x00007fff917d3000 	C:\WINDOWS\SYSTEM32\WINMM.dll
0x00007fff956d0000 - 0x00007fff9573c000 	C:\WINDOWS\System32\WS2_32.dll
0x00007fff89260000 - 0x00007fff8926a000 	C:\WINDOWS\SYSTEM32\VERSION.dll
0x00007fff91780000 - 0x00007fff917aa000 	C:\WINDOWS\SYSTEM32\WINMMBASE.dll
0x00007fff93c40000 - 0x00007fff93c89000 	C:\WINDOWS\System32\cfgmgr32.dll
0x00007fff93af0000 - 0x00007fff93b01000 	C:\WINDOWS\System32\kernel.appcore.dll
0x00007fff79920000 - 0x00007fff79931000 	C:\Users\Public\frc2019\jdk\bin\verify.dll
0x00007fff7df30000 - 0x00007fff7e0f9000 	C:\WINDOWS\SYSTEM32\DBGHELP.DLL
0x00007fff7df00000 - 0x00007fff7df29000 	C:\WINDOWS\SYSTEM32\dbgcore.DLL
0x00007fff79330000 - 0x00007fff79358000 	C:\Users\Public\frc2019\jdk\bin\java.dll
0x00007fff79780000 - 0x00007fff79796000 	C:\Users\Public\frc2019\jdk\bin\zip.dll
0x00007fff8e710000 - 0x00007fff8e71a000 	C:\Users\Public\frc2019\jdk\bin\jimage.dll
0x00007fff95970000 - 0x00007fff96db0000 	C:\WINDOWS\System32\SHELL32.dll
0x00007fff97500000 - 0x00007fff975a9000 	C:\WINDOWS\System32\shcore.dll
0x00007fff94440000 - 0x00007fff94b4d000 	C:\WINDOWS\System32\windows.storage.dll
0x00007fff95260000 - 0x00007fff952b1000 	C:\WINDOWS\System32\shlwapi.dll
0x00007fff93b20000 - 0x00007fff93b3f000 	C:\WINDOWS\System32\profapi.dll
0x00007fff93a80000 - 0x00007fff93acc000 	C:\WINDOWS\System32\powrprof.dll
0x00007fff93b10000 - 0x00007fff93b1a000 	C:\WINDOWS\System32\FLTLIB.DLL
0x00007fff78c10000 - 0x00007fff78c29000 	C:\Users\Public\frc2019\jdk\bin\net.dll
0x00007fff8d580000 - 0x00007fff8d65d000 	C:\WINDOWS\SYSTEM32\WINHTTP.dll
0x00007fff93300000 - 0x00007fff93366000 	C:\WINDOWS\system32\mswsock.dll
0x00007fff78a00000 - 0x00007fff78a13000 	C:\Users\Public\frc2019\jdk\bin\nio.dll

dbghelp: loaded successfully - version: 4.0.5 - missing functions: none
symbol engine: initialized successfully - sym options: 0x614 - pdb path: .;C:\Users\Public\frc2019\jdk\bin;C:\WINDOWS\SYSTEM32;C:\WINDOWS\WinSxS\amd64_microsoft.windows.common-controls_6595b64144ccf1df_6.0.17134.523_none_fb409dd930672a56;C:\Users\Public\frc2019\jdk\bin\server

VM Arguments:
jvm_args: -Xmx64m -Dorg.gradle.appname=gradlew 
java_command: org.gradle.wrapper.GradleWrapperMain deploy -PteamNumber=2557 --offline -Dorg.gradle.java.home=C:\Users\Public\frc2019\jdk
java_class_path (initial): c:\Users\charl\Desktop\VS Code Projects\Robot2019\\gradle\wrapper\gradle-wrapper.jar
Launcher Type: SUN_STANDARD

[Global flags]
     intx CICompilerCount                          = 3                                         {product} {ergonomic}
     uint ConcGCThreads                            = 1                                         {product} {ergonomic}
     uint G1ConcRefinementThreads                  = 4                                         {product} {ergonomic}
   size_t G1HeapRegionSize                         = 1048576                                   {product} {ergonomic}
    uintx GCDrainStackTargetSize                   = 64                                        {product} {ergonomic}
   size_t InitialHeapSize                          = 65011712                                  {product} {ergonomic}
   size_t MarkStackSize                            = 4194304                                   {product} {ergonomic}
   size_t MaxHeapSize                              = 67108864                                  {product} {command line}
   size_t MaxNewSize                               = 39845888                                  {product} {ergonomic}
   size_t MinHeapDeltaBytes                        = 1048576                                   {product} {ergonomic}
    uintx NonNMethodCodeHeapSize                   = 5830092                                {pd product} {ergonomic}
    uintx NonProfiledCodeHeapSize                  = 122914074                              {pd product} {ergonomic}
    uintx ProfiledCodeHeapSize                     = 122914074                              {pd product} {ergonomic}
    uintx ReservedCodeCacheSize                    = 251658240                              {pd product} {ergonomic}
     bool SegmentedCodeCache                       = true                                      {product} {ergonomic}
     bool UseCompressedClassPointers               = true                                 {lp64_product} {ergonomic}
     bool UseCompressedOops                        = true                                 {lp64_product} {ergonomic}
     bool UseG1GC                                  = true                                      {product} {ergonomic}
     bool UseLargePagesIndividualAllocation        = false                                  {pd product} {ergonomic}

Logging:
Log output configuration:
 #0: stdout all=warning uptime,level,tags
 #1: stderr all=off uptime,level,tags

Environment Variables:
JAVA_HOME=C:\Users\Public\frc2019\jdk
CLASSPATH=c:\Users\charl\Desktop\VS Code Projects\Robot2019\\gradle\wrapper\gradle-wrapper.jar
PATH=C:\Users\Public\frc2019\jdk\bin:C:\Program Files\Java\jdk-11.0.2\bin;C:\Program Files (x86)\Intel\iCLS Client\;C:\Program Files\Intel\iCLS Client\;C:\WINDOWS\system32;C:\WINDOWS;C:\WINDOWS\System32\Wbem;C:\WINDOWS\System32\WindowsPowerShell\v1.0\;C:\Program Files (x86)\Intel\Intel(R) Management Engine Components\DAL;C:\Program Files\Intel\Intel(R) Management Engine Components\DAL;C:\Program Files (x86)\Intel\Intel(R) Management Engine Components\IPT;C:\Program Files\Intel\Intel(R) Management Engine Components\IPT;C:\Program Files\PuTTY\;C:\WINDOWS\System32\OpenSSH\;C:\Program Files (x86)\Common Files\Adobe\AGL;C:\Users\Public\frc2019\roborio\bin;C:\Users\Public\frc2019\frccode;C:\Program Files\Git\cmd;C:\Users\charl\AppData\Local\Microsoft\WindowsApps;C:\Users\Public\frc2019\roborio\bin;C:\Users\Public\frc2019\frccode;C:\Users\charl\AppData\Local\GitHubDesktop\bin
USERNAME=charl
OS=Windows_NT
PROCESSOR_IDENTIFIER=Intel64 Family 6 Model 142 Stepping 9, GenuineIntel



---------------  S Y S T E M  ---------------

OS: Windows 10 , 64 bit Build 17134 (10.0.17134.1)

CPU:total 4 (initial active 4) (2 cores per cpu, 2 threads per core) family 6 model 142 stepping 9, cmov, cx8, fxsr, mmx, sse, sse2, sse3, ssse3, sse4.1, sse4.2, popcnt, avx, avx2, aes, clmul, erms, 3dnowpref, lzcnt, ht, tsc, tscinvbit, bmi1, bmi2, adx, fma

Memory: 4k page, system-wide physical 3964M (480M free)
TotalPageFile size 6012M (AvailPageFile size 0M)
current process WorkingSet (physical memory assigned to process): 41M, peak: 41M
current process commit charge ("private bytes"): 132M, peak: 132M

vm_info: OpenJDK 64-Bit Server VM (11.0.1+13) for windows-amd64 JRE (11.0.1+13), built on Oct  6 2018 13:18:13 by "mach5one" with MS VC++ 15.5 (VS2017)

END.
