#
# There is insufficient memory for the Java Runtime Environment to continue.
# Native memory allocation (malloc) failed to allocate 1119616 bytes for Chunk::new
# Possible reasons:
#   The system is out of physical RAM or swap space
#   The process is running with CompressedOops enabled, and the Java Heap may be blocking the growth of the native heap
# Possible solutions:
#   Reduce memory load on the system
#   Increase physical memory or swap space
#   Check if swap backing store is full
#   Decrease Java heap size (-Xmx/-Xms)
#   Decrease number of Java threads
#   Decrease Java thread stack sizes (-Xss)
#   Set larger code cache with -XX:ReservedCodeCacheSize=
#   JVM is running with Unscaled Compressed Oops mode in which the Java heap is
#     placed in the first 4GB address space. The Java Heap base address is the
#     maximum limit for the native heap growth. Please use -XX:HeapBaseMinAddress
#     to set the Java Heap base and to place the Java Heap above 4GB virtual address.
# This output file may be truncated or incomplete.
#
#  Out of Memory Error (t:/workspace/open/src/hotspot/share/memory/arena.cpp:197), pid=11128, tid=15604
#
# JRE version: OpenJDK Runtime Environment (11.0.1+13) (build 11.0.1+13)
# Java VM: OpenJDK 64-Bit Server VM (11.0.1+13, mixed mode, tiered, compressed oops, g1 gc, windows-amd64)
# No core dump will be written. Minidumps are not enabled by default on client versions of Windows
#

---------------  S U M M A R Y ------------

Command Line: --add-modules=ALL-SYSTEM --add-opens=java.base/java.util=ALL-UNNAMED --add-opens=java.base/java.lang=ALL-UNNAMED -Declipse.application=org.eclipse.jdt.ls.core.id1 -Dosgi.bundles.defaultStartLevel=4 -Declipse.product=org.eclipse.jdt.ls.core.product -Xverify:none -Xmx1G -XX:+UseG1GC -XX:+UseStringDeduplication C:\Users\Public\frc2019\vscode\data\extensions\redhat.java-0.35.0\server\plugins\org.eclipse.equinox.launcher_1.5.200.v20180922-1751.jar -configuration C:\Users\Public\frc2019\vscode\data\extensions\redhat.java-0.35.0\server\config_win -data c:\Users\Public\frc2019\vscode\data\user-data\User\workspaceStorage\e9db931e98eda9c363a82f22008b002d\redhat.java\jdt_ws

Host: Intel(R) Core(TM) i3-7100U CPU @ 2.40GHz, 4 cores, 3G,  Windows 10 , 64 bit Build 17134 (10.0.17134.1)
Time: Tue Jan 29 12:15:40 2019 Pacific Standard Time elapsed time: 21 seconds (0d 0h 0m 21s)

---------------  T H R E A D  ---------------

Current thread (0x000001ddeed39800):  JavaThread "C2 CompilerThread1" daemon [_thread_in_native, id=15604, stack(0x0000002d4f400000,0x0000002d4f500000)]


Current CompileTask:
C2:  21772 4464   !   4       org.eclipse.osgi.internal.loader.BundleLoader::findClassInternal (502 bytes)

Stack: [0x0000002d4f400000,0x0000002d4f500000]
Native frames: (J=compiled Java code, j=interpreted, Vv=VM code, C=native code)
V  [jvm.dll+0x63ad9a]
V  [jvm.dll+0x77851f]
V  [jvm.dll+0x779b08]
V  [jvm.dll+0x77a1c3]
V  [jvm.dll+0x2624c8]
V  [jvm.dll+0xc5b61]
V  [jvm.dll+0xc60fc]
V  [jvm.dll+0x2d0c84]
V  [jvm.dll+0x552cff]
V  [jvm.dll+0x21e4af]
V  [jvm.dll+0x21b3e6]
V  [jvm.dll+0x198400]
V  [jvm.dll+0x22a4ff]
V  [jvm.dll+0x228b18]
V  [jvm.dll+0x73dc2d]
V  [jvm.dll+0x639e32]
C  [ucrtbase.dll+0x1c4ce]
C  [KERNEL32.DLL+0x13034]
C  [ntdll.dll+0x73691]


---------------  P R O C E S S  ---------------

Threads class SMR info:
_java_thread_list=0x000001ddf06ac9f0, length=24, elements={
0x000001ddd0296000, 0x000001ddec85f800, 0x000001ddec8a2800, 0x000001ddec8af000,
0x000001ddec8b0000, 0x000001ddec8b5000, 0x000001ddec8be000, 0x000001ddec8c2800,
0x000001dded32d800, 0x000001dded5cb800, 0x000001ddedd6e000, 0x000001ddeda92000,
0x000001ddeee13800, 0x000001ddee9a1000, 0x000001dded424800, 0x000001ddee978000,
0x000001dded6e1800, 0x000001ddedc4b000, 0x000001ddef13e800, 0x000001ddeed39800,
0x000001ddeed39000, 0x000001ddeed37800, 0x000001ddeed3b800, 0x000001ddeed3c000
}

Java Threads: ( => current thread )
  0x000001ddd0296000 JavaThread "main" [_thread_blocked, id=19420, stack(0x0000002d4d500000,0x0000002d4d600000)]
  0x000001ddec85f800 JavaThread "Reference Handler" daemon [_thread_blocked, id=23404, stack(0x0000002d4dd00000,0x0000002d4de00000)]
  0x000001ddec8a2800 JavaThread "Finalizer" daemon [_thread_blocked, id=15884, stack(0x0000002d4de00000,0x0000002d4df00000)]
  0x000001ddec8af000 JavaThread "Signal Dispatcher" daemon [_thread_blocked, id=588, stack(0x0000002d4df00000,0x0000002d4e000000)]
  0x000001ddec8b0000 JavaThread "Attach Listener" daemon [_thread_blocked, id=20768, stack(0x0000002d4e000000,0x0000002d4e100000)]
  0x000001ddec8b5000 JavaThread "C2 CompilerThread0" daemon [_thread_in_native, id=22976, stack(0x0000002d4e100000,0x0000002d4e200000)]
  0x000001ddec8be000 JavaThread "C1 CompilerThread0" daemon [_thread_blocked, id=9176, stack(0x0000002d4e200000,0x0000002d4e300000)]
  0x000001ddec8c2800 JavaThread "Sweeper thread" daemon [_thread_blocked, id=16532, stack(0x0000002d4e300000,0x0000002d4e400000)]
  0x000001dded32d800 JavaThread "Common-Cleaner" daemon [_thread_blocked, id=21124, stack(0x0000002d4e400000,0x0000002d4e500000)]
  0x000001dded5cb800 JavaThread "Service Thread" daemon [_thread_blocked, id=11136, stack(0x0000002d4e500000,0x0000002d4e600000)]
  0x000001ddedd6e000 JavaThread "Active Thread: Equinox Container: cd0c6edd-b398-428b-a9f1-c8e449dc2175" [_thread_blocked, id=19252, stack(0x0000002d4e900000,0x0000002d4ea00000)]
  0x000001ddeda92000 JavaThread "Framework Event Dispatcher: Equinox Container: cd0c6edd-b398-428b-a9f1-c8e449dc2175" daemon [_thread_blocked, id=6168, stack(0x0000002d4e800000,0x0000002d4e900000)]
  0x000001ddeee13800 JavaThread "Start Level: Equinox Container: cd0c6edd-b398-428b-a9f1-c8e449dc2175" daemon [_thread_blocked, id=15860, stack(0x0000002d4ea00000,0x0000002d4eb00000)]
  0x000001ddee9a1000 JavaThread "Worker-JM" [_thread_blocked, id=21052, stack(0x0000002d4eb00000,0x0000002d4ec00000)]
  0x000001dded424800 JavaThread "Worker-0: Updating Maven Dependencies" [_thread_blocked, id=16612, stack(0x0000002d4ec00000,0x0000002d4ed00000)]
  0x000001ddee978000 JavaThread "Worker-1: Repository registry initialization" [_thread_blocked, id=17340, stack(0x0000002d4ed00000,0x0000002d4ee00000)]
  0x000001dded6e1800 JavaThread "Worker-2: Compacting resource model" [_thread_blocked, id=18704, stack(0x0000002d4f100000,0x0000002d4f200000)]
  0x000001ddedc4b000 JavaThread "Java indexing" daemon [_thread_blocked, id=16872, stack(0x0000002d4f200000,0x0000002d4f300000)]
  0x000001ddef13e800 JavaThread "Worker-3: Building workspace" [_thread_blocked, id=4192, stack(0x0000002d4f300000,0x0000002d4f400000)]
=>0x000001ddeed39800 JavaThread "C2 CompilerThread1" daemon [_thread_in_native, id=15604, stack(0x0000002d4f400000,0x0000002d4f500000)]
  0x000001ddeed39000 JavaThread "Bundle File Closer" daemon [_thread_blocked, id=13436, stack(0x0000002d4f500000,0x0000002d4f600000)]
  0x000001ddeed37800 JavaThread "pool-2-thread-1" [_thread_blocked, id=8820, stack(0x0000002d4f600000,0x0000002d4f700000)]
  0x000001ddeed3b800 JavaThread "pool-1-thread-1" [_thread_in_native, id=12496, stack(0x0000002d4f700000,0x0000002d4f800000)]
  0x000001ddeed3c000 JavaThread "Worker-4" [_thread_blocked, id=19880, stack(0x0000002d4f800000,0x0000002d4f900000)]

Other Threads:
  0x000001ddec849000 VMThread "VM Thread" [stack: 0x0000002d4dc00000,0x0000002d4dd00000] [id=13644]
  0x000001dded5cc800 WatcherThread [stack: 0x0000002d4e600000,0x0000002d4e700000] [id=21784]
  0x000001ddd02ac800 GCTaskThread "GC Thread#0" [stack: 0x0000002d4d600000,0x0000002d4d700000] [id=13096]
  0x000001ddee6d7800 GCTaskThread "GC Thread#1" [stack: 0x0000002d4e700000,0x0000002d4e800000] [id=19992]
  0x000001dded90c800 GCTaskThread "GC Thread#2" [stack: 0x0000002d4ee00000,0x0000002d4ef00000] [id=19060]
  0x000001ddeda6b800 GCTaskThread "GC Thread#3" [stack: 0x0000002d4ef00000,0x0000002d4f000000] [id=436]
  0x000001ddd02c8000 ConcurrentGCThread "G1 Main Marker" [stack: 0x0000002d4d700000,0x0000002d4d800000] [id=14520]
  0x000001ddd02ca800 ConcurrentGCThread "G1 Conc#0" [stack: 0x0000002d4d800000,0x0000002d4d900000] [id=12052]
  0x000001ddd0324000 ConcurrentGCThread "G1 Refine#0" [stack: 0x0000002d4d900000,0x0000002d4da00000] [id=13720]
  0x000001ddedbb2800 ConcurrentGCThread "G1 Refine#1" [stack: 0x0000002d4f000000,0x0000002d4f100000] [id=16636]
  0x000001ddd0325000 ConcurrentGCThread "G1 Young RemSet Sampling" [stack: 0x0000002d4da00000,0x0000002d4db00000] [id=17416]
  0x000001ddd0334000 ConcurrentGCThread "StrDedup" [stack: 0x0000002d4db00000,0x0000002d4dc00000] [id=13080]

Threads with active compile tasks:
C2 CompilerThread04473   !   4       org.eclipse.osgi.internal.loader.classpath.ClasspathManager::defineClass (636 bytes)
C2 CompilerThread14464   !   4       org.eclipse.osgi.internal.loader.BundleLoader::findClassInternal (502 bytes)

VM state:at safepoint (normal execution)

VM Mutex/Monitor currently owned by a thread:  ([mutex/lock_event])
[0x000001ddd02945b0] Threads_lock - owner thread: 0x000001ddec849000
[0x000001ddd0293cb0] Heap_lock - owner thread: 0x000001ddef13e800

Heap address: 0x00000000c0000000, size: 1024 MB, Compressed Oops mode: 32-bit
Narrow klass base: 0x0000000000000000, Narrow klass shift: 3
Compressed class space size: 1073741824 Address: 0x0000000100000000

Heap:
 garbage-first heap   total 76800K, used 35922K [0x00000000c0000000, 0x0000000100000000)
  region size 1024K, 3 young (3072K), 3 survivors (3072K)
 Metaspace       used 42916K, capacity 45203K, committed 45264K, reserved 1089536K
  class space    used 4414K, capacity 5245K, committed 5248K, reserved 1048576K
Heap Regions: E=young(eden), S=young(survivor), O=old, HS=humongous(starts), HC=humongous(continues), CS=collection set, F=free, A=archive, TAMS=top-at-mark-start (previous, next)
|   0|0x00000000c0000000, 0x00000000c0100000, 0x00000000c0100000|100%| O|  |TAMS 0x00000000c0100000, 0x00000000c0000000| Updating 
|   1|0x00000000c0100000, 0x00000000c0200000, 0x00000000c0200000|100%| O|  |TAMS 0x00000000c0200000, 0x00000000c0100000| Updating 
|   2|0x00000000c0200000, 0x00000000c0300000, 0x00000000c0300000|100%| O|  |TAMS 0x00000000c0300000, 0x00000000c0200000| Updating 
|   3|0x00000000c0300000, 0x00000000c0400000, 0x00000000c0400000|100%| O|  |TAMS 0x00000000c0400000, 0x00000000c0300000| Updating 
|   4|0x00000000c0400000, 0x00000000c0500000, 0x00000000c0500000|100%| O|  |TAMS 0x00000000c0500000, 0x00000000c0400000| Updating 
|   5|0x00000000c0500000, 0x00000000c0600000, 0x00000000c0600000|100%| O|  |TAMS 0x00000000c0600000, 0x00000000c0500000| Updating 
|   6|0x00000000c0600000, 0x00000000c0700000, 0x00000000c0700000|100%| O|  |TAMS 0x00000000c0700000, 0x00000000c0600000| Updating 
|   7|0x00000000c0700000, 0x00000000c0800000, 0x00000000c0800000|100%| O|  |TAMS 0x00000000c0800000, 0x00000000c0700000| Updating 
|   8|0x00000000c0800000, 0x00000000c0900000, 0x00000000c0900000|100%| O|  |TAMS 0x00000000c0900000, 0x00000000c0800000| Updating 
|   9|0x00000000c0900000, 0x00000000c0a00000, 0x00000000c0a00000|100%| O|  |TAMS 0x00000000c0a00000, 0x00000000c0900000| Updating 
|  10|0x00000000c0a00000, 0x00000000c0b00000, 0x00000000c0b00000|100%| O|  |TAMS 0x00000000c0b00000, 0x00000000c0a00000| Updating 
|  11|0x00000000c0b00000, 0x00000000c0c00000, 0x00000000c0c00000|100%| O|  |TAMS 0x00000000c0c00000, 0x00000000c0b00000| Updating 
|  12|0x00000000c0c00000, 0x00000000c0d00000, 0x00000000c0d00000|100%| O|  |TAMS 0x00000000c0d00000, 0x00000000c0c00000| Updating 
|  13|0x00000000c0d00000, 0x00000000c0e00000, 0x00000000c0e00000|100%| O|  |TAMS 0x00000000c0e00000, 0x00000000c0d00000| Updating 
|  14|0x00000000c0e00000, 0x00000000c0f00000, 0x00000000c0f00000|100%| O|  |TAMS 0x00000000c0f00000, 0x00000000c0e00000| Updating 
|  15|0x00000000c0f00000, 0x00000000c1000000, 0x00000000c1000000|100%| O|  |TAMS 0x00000000c1000000, 0x00000000c0f00000| Updating 
|  16|0x00000000c1000000, 0x00000000c1100000, 0x00000000c1100000|100%| O|  |TAMS 0x00000000c1100000, 0x00000000c1000000| Updating 
|  17|0x00000000c1100000, 0x00000000c1200000, 0x00000000c1200000|100%| O|  |TAMS 0x00000000c1200000, 0x00000000c1100000| Updating 
|  18|0x00000000c1200000, 0x00000000c1300000, 0x00000000c1300000|100%| O|  |TAMS 0x00000000c1300000, 0x00000000c1200000| Updating 
|  19|0x00000000c1300000, 0x00000000c1400000, 0x00000000c1400000|100%| O|  |TAMS 0x00000000c1400000, 0x00000000c1300000| Updating 
|  20|0x00000000c1400000, 0x00000000c1500000, 0x00000000c1500000|100%| O|  |TAMS 0x00000000c1500000, 0x00000000c1400000| Updating 
|  21|0x00000000c1500000, 0x00000000c1600000, 0x00000000c1600000|100%| O|  |TAMS 0x00000000c1600000, 0x00000000c1500000| Updating 
|  22|0x00000000c1600000, 0x00000000c1700000, 0x00000000c1700000|100%| O|  |TAMS 0x00000000c1700000, 0x00000000c1600000| Updating 
|  23|0x00000000c1700000, 0x00000000c1800000, 0x00000000c1800000|100%|HS|  |TAMS 0x00000000c1800000, 0x00000000c1700000| Complete 
|  24|0x00000000c1800000, 0x00000000c1900000, 0x00000000c1900000|100%|HS|  |TAMS 0x00000000c1900000, 0x00000000c1800000| Complete 
|  25|0x00000000c1900000, 0x00000000c1a00000, 0x00000000c1a00000|100%| O|  |TAMS 0x00000000c1a00000, 0x00000000c1900000| Updating 
|  26|0x00000000c1a00000, 0x00000000c1b00000, 0x00000000c1b00000|100%| O|  |TAMS 0x00000000c1b00000, 0x00000000c1a00000| Updating 
|  27|0x00000000c1b00000, 0x00000000c1c00000, 0x00000000c1c00000|100%| O|  |TAMS 0x00000000c1c00000, 0x00000000c1b00000| Updating 
|  28|0x00000000c1c00000, 0x00000000c1d00000, 0x00000000c1d00000|100%| O|  |TAMS 0x00000000c1d00000, 0x00000000c1c00000| Updating 
|  29|0x00000000c1d00000, 0x00000000c1e00000, 0x00000000c1e00000|100%| O|  |TAMS 0x00000000c1dbe200, 0x00000000c1d00000| Updating 
|  30|0x00000000c1e00000, 0x00000000c1f00000, 0x00000000c1f00000|100%| O|  |TAMS 0x00000000c1e00000, 0x00000000c1e00000| Untracked 
|  31|0x00000000c1f00000, 0x00000000c2000000, 0x00000000c2000000|100%| O|  |TAMS 0x00000000c1f00000, 0x00000000c1f00000| Updating 
|  32|0x00000000c2000000, 0x00000000c20b7800, 0x00000000c2100000| 71%| O|  |TAMS 0x00000000c2000000, 0x00000000c2000000| Untracked 
|  33|0x00000000c2100000, 0x00000000c2100000, 0x00000000c2200000|  0%| F|  |TAMS 0x00000000c2100000, 0x00000000c2100000| Untracked 
|  34|0x00000000c2200000, 0x00000000c2200000, 0x00000000c2300000|  0%| F|  |TAMS 0x00000000c2200000, 0x00000000c2200000| Untracked 
|  35|0x00000000c2300000, 0x00000000c2300000, 0x00000000c2400000|  0%| F|  |TAMS 0x00000000c2300000, 0x00000000c2300000| Untracked 
|  36|0x00000000c2400000, 0x00000000c2400000, 0x00000000c2500000|  0%| F|  |TAMS 0x00000000c2400000, 0x00000000c2400000| Untracked 
|  37|0x00000000c2500000, 0x00000000c2500000, 0x00000000c2600000|  0%| F|  |TAMS 0x00000000c2500000, 0x00000000c2500000| Untracked 
|  38|0x00000000c2600000, 0x00000000c2600000, 0x00000000c2700000|  0%| F|  |TAMS 0x00000000c2600000, 0x00000000c2600000| Untracked 
|  39|0x00000000c2700000, 0x00000000c2700000, 0x00000000c2800000|  0%| F|  |TAMS 0x00000000c2700000, 0x00000000c2700000| Untracked 
|  40|0x00000000c2800000, 0x00000000c2800000, 0x00000000c2900000|  0%| F|  |TAMS 0x00000000c2800000, 0x00000000c2800000| Untracked 
|  41|0x00000000c2900000, 0x00000000c2900000, 0x00000000c2a00000|  0%| F|  |TAMS 0x00000000c2900000, 0x00000000c2900000| Untracked 
|  42|0x00000000c2a00000, 0x00000000c2a5d210, 0x00000000c2b00000| 36%| S|CS|TAMS 0x00000000c2a00000, 0x00000000c2a00000| Complete 
|  43|0x00000000c2b00000, 0x00000000c2b00000, 0x00000000c2c00000|  0%| F|  |TAMS 0x00000000c2b00000, 0x00000000c2b00000| Untracked 
|  44|0x00000000c2c00000, 0x00000000c2c00000, 0x00000000c2d00000|  0%| F|  |TAMS 0x00000000c2c00000, 0x00000000c2c00000| Untracked 
|  45|0x00000000c2d00000, 0x00000000c2e00000, 0x00000000c2e00000|100%| S|CS|TAMS 0x00000000c2d00000, 0x00000000c2d00000| Complete 
|  46|0x00000000c2e00000, 0x00000000c2f00000, 0x00000000c2f00000|100%| S|CS|TAMS 0x00000000c2e00000, 0x00000000c2e00000| Complete 
|  47|0x00000000c2f00000, 0x00000000c2f00000, 0x00000000c3000000|  0%| F|  |TAMS 0x00000000c2f00000, 0x00000000c2f00000| Untracked 
|  48|0x00000000c3000000, 0x00000000c3000000, 0x00000000c3100000|  0%| F|  |TAMS 0x00000000c3000000, 0x00000000c3000000| Untracked 
|  49|0x00000000c3100000, 0x00000000c3100000, 0x00000000c3200000|  0%| F|  |TAMS 0x00000000c3100000, 0x00000000c3100000| Untracked 
|  50|0x00000000c3200000, 0x00000000c3200000, 0x00000000c3300000|  0%| F|  |TAMS 0x00000000c3200000, 0x00000000c3200000| Untracked 
|  51|0x00000000c3300000, 0x00000000c3300000, 0x00000000c3400000|  0%| F|  |TAMS 0x00000000c3300000, 0x00000000c3300000| Untracked 
|  52|0x00000000c3400000, 0x00000000c3400000, 0x00000000c3500000|  0%| F|  |TAMS 0x00000000c3400000, 0x00000000c3400000| Untracked 
|  53|0x00000000c3500000, 0x00000000c3500000, 0x00000000c3600000|  0%| F|  |TAMS 0x00000000c3500000, 0x00000000c3500000| Untracked 
|  54|0x00000000c3600000, 0x00000000c3600000, 0x00000000c3700000|  0%| F|  |TAMS 0x00000000c3600000, 0x00000000c3600000| Untracked 
|  55|0x00000000c3700000, 0x00000000c3700000, 0x00000000c3800000|  0%| F|  |TAMS 0x00000000c3700000, 0x00000000c3700000| Untracked 
|  56|0x00000000c3800000, 0x00000000c3800000, 0x00000000c3900000|  0%| F|  |TAMS 0x00000000c3800000, 0x00000000c3800000| Untracked 
|  57|0x00000000c3900000, 0x00000000c3900000, 0x00000000c3a00000|  0%| F|  |TAMS 0x00000000c3900000, 0x00000000c3900000| Untracked 
|  58|0x00000000c3a00000, 0x00000000c3a00000, 0x00000000c3b00000|  0%| F|  |TAMS 0x00000000c3a00000, 0x00000000c3a00000| Untracked 
|  59|0x00000000c3b00000, 0x00000000c3b00000, 0x00000000c3c00000|  0%| F|  |TAMS 0x00000000c3b00000, 0x00000000c3b00000| Untracked 
|  60|0x00000000c3c00000, 0x00000000c3c00000, 0x00000000c3d00000|  0%| F|  |TAMS 0x00000000c3c00000, 0x00000000c3c00000| Untracked 
|  61|0x00000000c3d00000, 0x00000000c3d00000, 0x00000000c3e00000|  0%| F|  |TAMS 0x00000000c3d00000, 0x00000000c3d00000| Untracked 

Card table byte_map: [0x000001dde7ea0000,0x000001dde80a0000] _byte_map_base: 0x000001dde78a0000

Marking Bits (Prev, Next): (CMBitMap*) 0x000001ddd02c3340, (CMBitMap*) 0x000001ddd02c3308
 Prev Bits: [0x000001dde92a0000, 0x000001ddea2a0000)
 Next Bits: [0x000001dde82a0000, 0x000001dde92a0000)

Polling page: 0x000001ddce910000

Metaspace:

Usage:
  Non-class:     39.02 MB capacity,    37.60 MB ( 96%) used,     1.35 MB (  3%) free+waste,    75.63 KB ( <1%) overhead. 
      Class:      5.12 MB capacity,     4.31 MB ( 84%) used,   794.45 KB ( 15%) free+waste,    36.06 KB ( <1%) overhead. 
       Both:     44.14 MB capacity,    41.91 MB ( 95%) used,     2.12 MB (  5%) free+waste,   111.69 KB ( <1%) overhead. 

Virtual space:
  Non-class space:       40.00 MB reserved,      39.08 MB ( 98%) committed 
      Class space:        1.00 GB reserved,       5.13 MB ( <1%) committed 
             Both:        1.04 GB reserved,      44.20 MB (  4%) committed 

Chunk freelists:
   Non-Class:  7.25 KB
       Class:  384 bytes
        Both:  7.63 KB

CodeHeap 'non-profiled nmethods': size=120064Kb used=1784Kb max_used=1793Kb free=118279Kb
 bounds [0x000001dde0140000, 0x000001dde03b0000, 0x000001dde7680000]
CodeHeap 'profiled nmethods': size=120000Kb used=8741Kb max_used=9207Kb free=111258Kb
 bounds [0x000001ddd8c10000, 0x000001ddd9520000, 0x000001dde0140000]
CodeHeap 'non-nmethods': size=5696Kb used=1207Kb max_used=1239Kb free=4489Kb
 bounds [0x000001ddd8680000, 0x000001ddd88f0000, 0x000001ddd8c10000]
 total_blobs=6227 nmethods=4073 adapters=478
 compilation: enabled
              stopped_count=0, restarted_count=0
 full_count=0

Compilation events (10 events):
Event: 21.750 Thread 0x000001ddec8be000 4680       2       org.eclipse.sisu.plexus.DefaultPlexusBeans$Itr::next (5 bytes)
Event: 21.751 Thread 0x000001ddec8be000 nmethod 4680 0x000001ddd90dea90 code [0x000001ddd90dec60, 0x000001ddd90deef0]
Event: 21.751 Thread 0x000001ddec8be000 4681       2       org.eclipse.sisu.plexus.DefaultPlexusBeans$Itr::next (20 bytes)
Event: 21.751 Thread 0x000001ddec8be000 nmethod 4681 0x000001ddd90de510 code [0x000001ddd90de6e0, 0x000001ddd90de970]
Event: 21.751 Thread 0x000001ddec8be000 4682       2       org.eclipse.sisu.plexus.LazyPlexusBean::<init> (10 bytes)
Event: 21.751 Thread 0x000001ddec8be000 nmethod 4682 0x000001ddd90de110 code [0x000001ddd90de2c0, 0x000001ddd90de458]
Event: 21.752 Thread 0x000001ddec8be000 4683       2       org.eclipse.sisu.inject.MildConcurrentValues::compact (36 bytes)
Event: 21.752 Thread 0x000001ddec8be000 nmethod 4683 0x000001ddd90dd890 code [0x000001ddd90dda80, 0x000001ddd90ddf20]
Event: 21.754 Thread 0x000001ddec8be000 4684       2       org.eclipse.jdt.internal.compiler.util.SimpleSet::add (90 bytes)
Event: 21.755 Thread 0x000001ddec8be000 nmethod 4684 0x000001ddd90dcf10 code [0x000001ddd90dd120, 0x000001ddd90dd5f0]

GC Heap History (10 events):
Event: 20.016 GC heap before
{Heap before GC invocations=11 (full 0):
 garbage-first heap   total 63488K, used 40445K [0x00000000c0000000, 0x0000000100000000)
  region size 1024K, 25 young (25600K), 4 survivors (4096K)
 Metaspace       used 38431K, capacity 40438K, committed 40656K, reserved 1085440K
  class space    used 3913K, capacity 4633K, committed 4736K, reserved 1048576K
}
Event: 20.025 GC heap after
{Heap after GC invocations=12 (full 0):
 garbage-first heap   total 63488K, used 21184K [0x00000000c0000000, 0x0000000100000000)
  region size 1024K, 2 young (2048K), 2 survivors (2048K)
 Metaspace       used 38431K, capacity 40438K, committed 40656K, reserved 1085440K
  class space    used 3913K, capacity 4633K, committed 4736K, reserved 1048576K
}
Event: 20.140 GC heap before
{Heap before GC invocations=12 (full 0):
 garbage-first heap   total 63488K, used 41664K [0x00000000c0000000, 0x0000000100000000)
  region size 1024K, 23 young (23552K), 2 survivors (2048K)
 Metaspace       used 38681K, capacity 40784K, committed 40912K, reserved 1085440K
  class space    used 3935K, capacity 4711K, committed 4736K, reserved 1048576K
}
Event: 20.146 GC heap after
{Heap after GC invocations=13 (full 0):
 garbage-first heap   total 63488K, used 23250K [0x00000000c0000000, 0x0000000100000000)
  region size 1024K, 2 young (2048K), 2 survivors (2048K)
 Metaspace       used 38681K, capacity 40784K, committed 40912K, reserved 1085440K
  class space    used 3935K, capacity 4711K, committed 4736K, reserved 1048576K
}
Event: 20.921 GC heap before
{Heap before GC invocations=13 (full 0):
 garbage-first heap   total 63488K, used 43730K [0x00000000c0000000, 0x0000000100000000)
  region size 1024K, 23 young (23552K), 2 survivors (2048K)
 Metaspace       used 39664K, capacity 41856K, committed 42064K, reserved 1087488K
  class space    used 4050K, capacity 4831K, committed 4864K, reserved 1048576K
}
Event: 20.927 GC heap after
{Heap after GC invocations=14 (full 0):
 garbage-first heap   total 63488K, used 25067K [0x00000000c0000000, 0x0000000100000000)
  region size 1024K, 2 young (2048K), 2 survivors (2048K)
 Metaspace       used 39664K, capacity 41856K, committed 42064K, reserved 1087488K
  class space    used 4050K, capacity 4831K, committed 4864K, reserved 1048576K
}
Event: 21.681 GC heap before
{Heap before GC invocations=14 (full 0):
 garbage-first heap   total 63488K, used 46571K [0x00000000c0000000, 0x0000000100000000)
  region size 1024K, 22 young (22528K), 2 survivors (2048K)
 Metaspace       used 42583K, capacity 44874K, committed 45008K, reserved 1089536K
  class space    used 4379K, capacity 5178K, committed 5248K, reserved 1048576K
}
Event: 21.690 GC heap after
{Heap after GC invocations=15 (full 0):
 garbage-first heap   total 63488K, used 30299K [0x00000000c0000000, 0x0000000100000000)
  region size 1024K, 3 young (3072K), 3 survivors (3072K)
 Metaspace       used 42583K, capacity 44874K, committed 45008K, reserved 1089536K
  class space    used 4379K, capacity 5178K, committed 5248K, reserved 1048576K
}
Event: 21.735 GC heap before
{Heap before GC invocations=15 (full 0):
 garbage-first heap   total 63488K, used 47707K [0x00000000c0000000, 0x0000000100000000)
  region size 1024K, 20 young (20480K), 3 survivors (3072K)
 Metaspace       used 42663K, capacity 45002K, committed 45264K, reserved 1089536K
  class space    used 4385K, capacity 5178K, committed 5248K, reserved 1048576K
}
Event: 21.746 GC heap after
{Heap after GC invocations=16 (full 0):
 garbage-first heap   total 63488K, used 31750K [0x00000000c0000000, 0x0000000100000000)
  region size 1024K, 2 young (2048K), 2 survivors (2048K)
 Metaspace       used 42663K, capacity 45002K, committed 45264K, reserved 1089536K
  class space    used 4385K, capacity 5178K, committed 5248K, reserved 1048576K
}

Deoptimization events (10 events):
Event: 20.951 Thread 0x000001dded424800 Uncommon trap: reason=unstable_if action=reinterpret pc=0x000001dde029841c method=sun.nio.cs.StreamDecoder.implRead([CII)I @ 36 c2
Event: 21.020 Thread 0x000001dded424800 Uncommon trap: reason=profile_predicate action=maybe_recompile pc=0x000001dde01e4cf0 method=org.eclipse.osgi.internal.loader.BundleLoader.searchHooks(Ljava/lang/String;I)Ljava/lang/Object; @ 186 c2
Event: 21.021 Thread 0x000001dded424800 Uncommon trap: reason=profile_predicate action=maybe_recompile pc=0x000001dde01e4cf0 method=org.eclipse.osgi.internal.loader.BundleLoader.searchHooks(Ljava/lang/String;I)Ljava/lang/Object; @ 186 c2
Event: 21.022 Thread 0x000001dded424800 Uncommon trap: reason=profile_predicate action=maybe_recompile pc=0x000001dde01e4cf0 method=org.eclipse.osgi.internal.loader.BundleLoader.searchHooks(Ljava/lang/String;I)Ljava/lang/Object; @ 186 c2
Event: 21.022 Thread 0x000001dded424800 Uncommon trap: reason=profile_predicate action=maybe_recompile pc=0x000001dde01e4cf0 method=org.eclipse.osgi.internal.loader.BundleLoader.searchHooks(Ljava/lang/String;I)Ljava/lang/Object; @ 186 c2
Event: 21.052 Thread 0x000001ddd0296000 Uncommon trap: reason=unstable_if action=reinterpret pc=0x000001dde018d20c method=java.lang.Integer.equals(Ljava/lang/Object;)Z @ 18 c2
Event: 21.100 Thread 0x000001ddeed3b800 Uncommon trap: reason=unstable_if action=reinterpret pc=0x000001dde02805bc method=com.google.gson.stream.JsonReader.nextQuotedValue(C)Ljava/lang/String; @ 81 c2
Event: 21.209 Thread 0x000001ddeed3b800 Uncommon trap: reason=class_check action=maybe_recompile pc=0x000001dde02ac36c method=java.lang.reflect.Field.getAnnotation(Ljava/lang/Class;)Ljava/lang/annotation/Annotation; @ 19 c2
Event: 21.213 Thread 0x000001dded424800 Uncommon trap: reason=unstable_if action=reinterpret pc=0x000001dde02a980c method=org.codehaus.plexus.util.xml.pull.MXParser.parseStartTag()I @ 443 c2
Event: 21.279 Thread 0x000001dded424800 Uncommon trap: reason=null_assert_or_unreached0 action=make_not_entrant pc=0x000001dde02a65c0 method=java.util.concurrent.locks.ReentrantReadWriteLock$Sync.tryAcquireShared(I)I @ 129 c2

Classes redefined (0 events):
No events

Internal exceptions (10 events):
Event: 18.151 Thread 0x000001ddef13e800 Exception <a 'java/lang/NoSuchMethodError'{0x00000000c3409948}: java.lang.invoke.DirectMethodHandle$Holder.invokeSpecial(Ljava/lang/Object;Ljava/lang/Object;Ljava/lang/Object;Ljava/lang/Object;J)Ljava/lang/Object;> (0x00000000c3409948) thrown at [t:/works
Event: 18.260 Thread 0x000001ddef13e800 Exception <a 'java/io/FileNotFoundException'{0x00000000c3d112e0}> (0x00000000c3d112e0) thrown at [t:/workspace/open/src/hotspot/share/prims/jni.cpp, line 615]
Event: 18.260 Thread 0x000001ddef13e800 Exception <a 'java/io/FileNotFoundException'{0x00000000c3d12780}> (0x00000000c3d12780) thrown at [t:/workspace/open/src/hotspot/share/prims/jni.cpp, line 615]
Event: 19.076 Thread 0x000001ddeee13800 Exception <a 'java/lang/NoClassDefFoundError'{0x00000000c29ed330}: com/google/inject/servlet/ServletModuleTargetVisitor> (0x00000000c29ed330) thrown at [t:/workspace/open/src/hotspot/share/classfile/systemDictionary.cpp, line 220]
Event: 19.076 Thread 0x000001ddeee13800 Exception <a 'java/lang/NoClassDefFoundError'{0x00000000c29f1e88}: javax/annotation/Priority> (0x00000000c29f1e88) thrown at [t:/workspace/open/src/hotspot/share/classfile/systemDictionary.cpp, line 220]
Event: 19.846 Thread 0x000001ddef13e800 Exception <a 'java/io/FileNotFoundException'{0x00000000c2ddbdd8}> (0x00000000c2ddbdd8) thrown at [t:/workspace/open/src/hotspot/share/prims/jni.cpp, line 615]
Event: 19.846 Thread 0x000001ddef13e800 Exception <a 'java/io/FileNotFoundException'{0x00000000c2dddc80}> (0x00000000c2dddc80) thrown at [t:/workspace/open/src/hotspot/share/prims/jni.cpp, line 615]
Event: 20.091 Thread 0x000001ddeed39000 Implicit null exception at 0x000001dde02b8f3d to 0x000001dde02b9692
Event: 20.811 Thread 0x000001ddd0296000 Exception <a 'java/lang/NoSuchMethodError'{0x00000000c2dc6b70}: java.lang.invoke.DirectMethodHandle$Holder.invokeStatic(Ljava/lang/Object;Ljava/lang/Object;Ljava/lang/Object;Ljava/lang/Object;)V> (0x00000000c2dc6b70) thrown at [t:/workspace/open/src/hotsp
Event: 21.282 Thread 0x000001ddee978000 Exception <a 'java/io/FileNotFoundException'{0x00000000c2f9d678}> (0x00000000c2f9d678) thrown at [t:/workspace/open/src/hotspot/share/prims/jni.cpp, line 615]

Events (10 events):
Event: 21.735 loading class java/util/regex/Pattern$Pos done
Event: 21.735 loading class java/util/concurrent/ForkJoinTask done
Event: 21.746 Executing VM operation: G1CollectForAllocation done
Event: 21.747 loading class java/util/concurrent/ForkJoinPool$DefaultForkJoinWorkerThreadFactory
Event: 21.757 loading class java/util/concurrent/ForkJoinPool$ForkJoinWorkerThreadFactory
Event: 21.757 loading class java/util/concurrent/ForkJoinPool$ForkJoinWorkerThreadFactory done
Event: 21.757 loading class java/util/concurrent/ForkJoinPool$DefaultForkJoinWorkerThreadFactory done
Event: 21.757 loading class java/util/concurrent/ForkJoinPool$1
Event: 21.757 loading class java/util/concurrent/ForkJoinPool$1 done
Event: 21.757 loading class java/util/concurrent/ForkJoinPool$WorkQueue


Dynamic libraries:
0x00007ff608fe0000 - 0x00007ff609025000 	C:\Users\Public\frc2019\jdk\bin\java.exe
0x00007fff97770000 - 0x00007fff97951000 	C:\WINDOWS\SYSTEM32\ntdll.dll
0x00007fff957a0000 - 0x00007fff95852000 	C:\WINDOWS\System32\KERNEL32.DLL
0x00007fff94020000 - 0x00007fff94293000 	C:\WINDOWS\System32\KERNELBASE.dll
0x00007fff952c0000 - 0x00007fff95450000 	C:\WINDOWS\System32\USER32.dll
0x00007fff93cf0000 - 0x00007fff93d10000 	C:\WINDOWS\System32\win32u.dll
0x00007fff95910000 - 0x00007fff95938000 	C:\WINDOWS\System32\GDI32.dll
0x00007fff942a0000 - 0x00007fff94432000 	C:\WINDOWS\System32\gdi32full.dll
0x00007fff93f00000 - 0x00007fff93f9f000 	C:\WINDOWS\System32\msvcp_win.dll
0x00007fff93b40000 - 0x00007fff93c3a000 	C:\WINDOWS\System32\ucrtbase.dll
0x00007fff7f020000 - 0x00007fff7f289000 	C:\WINDOWS\WinSxS\amd64_microsoft.windows.common-controls_6595b64144ccf1df_6.0.17134.523_none_fb409dd930672a56\COMCTL32.dll
0x00007fff95120000 - 0x00007fff951be000 	C:\WINDOWS\System32\msvcrt.dll
0x00007fff97160000 - 0x00007fff97482000 	C:\WINDOWS\System32\combase.dll
0x00007fff955a0000 - 0x00007fff956c4000 	C:\WINDOWS\System32\RPCRT4.dll
0x00007fff93fa0000 - 0x00007fff9401a000 	C:\WINDOWS\System32\bcryptPrimitives.dll
0x00007fff95940000 - 0x00007fff9596d000 	C:\WINDOWS\System32\IMM32.DLL
0x00007fff79a00000 - 0x00007fff79a16000 	C:\Users\Public\frc2019\jdk\bin\vcruntime140.dll
0x00007fff63b40000 - 0x00007fff63bdb000 	C:\Users\Public\frc2019\jdk\bin\msvcp140.dll
0x00007fff39e70000 - 0x00007fff3a9b1000 	C:\Users\Public\frc2019\jdk\bin\server\jvm.dll
0x00007fff95860000 - 0x00007fff95901000 	C:\WINDOWS\System32\ADVAPI32.dll
0x00007fff97490000 - 0x00007fff974eb000 	C:\WINDOWS\System32\sechost.dll
0x00007fff974f0000 - 0x00007fff974f8000 	C:\WINDOWS\System32\PSAPI.DLL
0x00007fff7ed90000 - 0x00007fff7ed99000 	C:\WINDOWS\SYSTEM32\WSOCK32.dll
0x00007fff89260000 - 0x00007fff8926a000 	C:\WINDOWS\SYSTEM32\VERSION.dll
0x00007fff917b0000 - 0x00007fff917d3000 	C:\WINDOWS\SYSTEM32\WINMM.dll
0x00007fff956d0000 - 0x00007fff9573c000 	C:\WINDOWS\System32\WS2_32.dll
0x00007fff91780000 - 0x00007fff917aa000 	C:\WINDOWS\SYSTEM32\winmmbase.dll
0x00007fff93c40000 - 0x00007fff93c89000 	C:\WINDOWS\System32\cfgmgr32.dll
0x00007fff93af0000 - 0x00007fff93b01000 	C:\WINDOWS\System32\kernel.appcore.dll
0x00007fff79920000 - 0x00007fff79931000 	C:\Users\Public\frc2019\jdk\bin\verify.dll
0x00007fff7df30000 - 0x00007fff7e0f9000 	C:\WINDOWS\SYSTEM32\DBGHELP.DLL
0x00007fff7df00000 - 0x00007fff7df29000 	C:\WINDOWS\SYSTEM32\dbgcore.DLL
0x00007fff79330000 - 0x00007fff79358000 	C:\Users\Public\frc2019\jdk\bin\java.dll
0x00007fff79780000 - 0x00007fff79796000 	C:\Users\Public\frc2019\jdk\bin\zip.dll
0x00007fff8e710000 - 0x00007fff8e71a000 	C:\Users\Public\frc2019\jdk\bin\jimage.dll
0x00007fff95970000 - 0x00007fff96db0000 	C:\WINDOWS\System32\SHELL32.dll
0x00007fff97500000 - 0x00007fff975a9000 	C:\WINDOWS\System32\shcore.dll
0x00007fff94440000 - 0x00007fff94b4d000 	C:\WINDOWS\System32\windows.storage.dll
0x00007fff95260000 - 0x00007fff952b1000 	C:\WINDOWS\System32\shlwapi.dll
0x00007fff93b20000 - 0x00007fff93b3f000 	C:\WINDOWS\System32\profapi.dll
0x00007fff93a80000 - 0x00007fff93acc000 	C:\WINDOWS\System32\powrprof.dll
0x00007fff93b10000 - 0x00007fff93b1a000 	C:\WINDOWS\System32\FLTLIB.DLL
0x00007fff78c10000 - 0x00007fff78c29000 	C:\Users\Public\frc2019\jdk\bin\net.dll
0x00007fff8d580000 - 0x00007fff8d65d000 	C:\WINDOWS\SYSTEM32\WINHTTP.dll
0x00007fff93300000 - 0x00007fff93366000 	C:\WINDOWS\system32\mswsock.dll
0x00007fff78a00000 - 0x00007fff78a13000 	C:\Users\Public\frc2019\jdk\bin\nio.dll
0x00007fff934b0000 - 0x00007fff934c7000 	C:\WINDOWS\SYSTEM32\CRYPTSP.dll
0x00007fff92ed0000 - 0x00007fff92f03000 	C:\WINDOWS\system32\rsaenh.dll
0x00007fff935e0000 - 0x00007fff93605000 	C:\WINDOWS\SYSTEM32\bcrypt.dll
0x00007fff93980000 - 0x00007fff939a8000 	C:\WINDOWS\SYSTEM32\USERENV.dll
0x00007fff934d0000 - 0x00007fff934db000 	C:\WINDOWS\SYSTEM32\CRYPTBASE.dll
0x00007fff93080000 - 0x00007fff930b8000 	C:\WINDOWS\SYSTEM32\IPHLPAPI.DLL
0x00007fff975b0000 - 0x00007fff975b8000 	C:\WINDOWS\System32\NSI.dll
0x00007fff86bf0000 - 0x00007fff86c06000 	C:\WINDOWS\SYSTEM32\dhcpcsvc6.DLL
0x00007fff886f0000 - 0x00007fff8870a000 	C:\WINDOWS\SYSTEM32\dhcpcsvc.DLL
0x00007fff799d0000 - 0x00007fff799f9000 	C:\Users\Public\frc2019\vscode\data\extensions\redhat.java-0.35.0\server\config_win\org.eclipse.equinox.launcher\org.eclipse.equinox.launcher.win32.win32.x86_64_1.1.900.v20180922-1751\eclipse_1801.dll
0x00007fff7a070000 - 0x00007fff7a081000 	C:\Users\Public\frc2019\vscode\data\extensions\redhat.java-0.35.0\server\config_win\org.eclipse.osgi\24\0\.cp\jWinHttp-1.0.0.dll
0x00007fff975c0000 - 0x00007fff97711000 	C:\WINDOWS\System32\ole32.dll

dbghelp: loaded successfully - version: 4.0.5 - missing functions: none
symbol engine: initialized successfully - sym options: 0x614 - pdb path: .;C:\Users\Public\frc2019\jdk\bin;C:\WINDOWS\SYSTEM32;C:\WINDOWS\WinSxS\amd64_microsoft.windows.common-controls_6595b64144ccf1df_6.0.17134.523_none_fb409dd930672a56;C:\Users\Public\frc2019\jdk\bin\server;C:\Users\Public\frc2019\vscode\data\extensions\redhat.java-0.35.0\server\config_win\org.eclipse.equinox.launcher\org.eclipse.equinox.launcher.win32.win32.x86_64_1.1.900.v20180922-1751;C:\Users\Public\frc2019\vscode\data\extensions\redhat.java-0.35.0\server\config_win\org.eclipse.osgi\24\0\.cp

VM Arguments:
jvm_args: --add-modules=ALL-SYSTEM --add-opens=java.base/java.util=ALL-UNNAMED --add-opens=java.base/java.lang=ALL-UNNAMED -Declipse.application=org.eclipse.jdt.ls.core.id1 -Dosgi.bundles.defaultStartLevel=4 -Declipse.product=org.eclipse.jdt.ls.core.product -Xverify:none -Xmx1G -XX:+UseG1GC -XX:+UseStringDeduplication 
java_command: C:\Users\Public\frc2019\vscode\data\extensions\redhat.java-0.35.0\server\plugins\org.eclipse.equinox.launcher_1.5.200.v20180922-1751.jar -configuration C:\Users\Public\frc2019\vscode\data\extensions\redhat.java-0.35.0\server\config_win -data c:\Users\Public\frc2019\vscode\data\user-data\User\workspaceStorage\e9db931e98eda9c363a82f22008b002d\redhat.java\jdt_ws
java_class_path (initial): C:\Users\Public\frc2019\vscode\data\extensions\redhat.java-0.35.0\server\plugins\org.eclipse.equinox.launcher_1.5.200.v20180922-1751.jar
Launcher Type: SUN_STANDARD

[Global flags]
     bool BytecodeVerificationLocal                = false                                     {product} {command line}
     bool BytecodeVerificationRemote               = false                                     {product} {command line}
     intx CICompilerCount                          = 3                                         {product} {ergonomic}
     uint ConcGCThreads                            = 1                                         {product} {ergonomic}
     uint G1ConcRefinementThreads                  = 4                                         {product} {ergonomic}
   size_t G1HeapRegionSize                         = 1048576                                   {product} {ergonomic}
    uintx GCDrainStackTargetSize                   = 64                                        {product} {ergonomic}
   size_t InitialHeapSize                          = 65011712                                  {product} {ergonomic}
   size_t MarkStackSize                            = 4194304                                   {product} {ergonomic}
   size_t MaxHeapSize                              = 1073741824                                {product} {command line}
   size_t MaxNewSize                               = 643825664                                 {product} {ergonomic}
   size_t MinHeapDeltaBytes                        = 1048576                                   {product} {ergonomic}
    uintx NonNMethodCodeHeapSize                   = 5830092                                {pd product} {ergonomic}
    uintx NonProfiledCodeHeapSize                  = 122914074                              {pd product} {ergonomic}
    uintx ProfiledCodeHeapSize                     = 122914074                              {pd product} {ergonomic}
    uintx ReservedCodeCacheSize                    = 251658240                              {pd product} {ergonomic}
     bool SegmentedCodeCache                       = true                                      {product} {ergonomic}
     bool UseCompressedClassPointers               = true                                 {lp64_product} {ergonomic}
     bool UseCompressedOops                        = true                                 {lp64_product} {ergonomic}
     bool UseG1GC                                  = true                                      {product} {command line}
     bool UseLargePagesIndividualAllocation        = false                                  {pd product} {ergonomic}
     bool UseStringDeduplication                   = true                                      {product} {command line}

Logging:
Log output configuration:
 #0: stdout all=warning uptime,level,tags
 #1: stderr all=off uptime,level,tags

Environment Variables:
JAVA_HOME=C:\Program Files\Java\jdk-11.0.2
PATH=C:\Program Files\Java\jdk-11.0.2\bin;C:\Program Files (x86)\Intel\iCLS Client\;C:\Program Files\Intel\iCLS Client\;C:\WINDOWS\system32;C:\WINDOWS;C:\WINDOWS\System32\Wbem;C:\WINDOWS\System32\WindowsPowerShell\v1.0\;C:\Program Files (x86)\Intel\Intel(R) Management Engine Components\DAL;C:\Program Files\Intel\Intel(R) Management Engine Components\DAL;C:\Program Files (x86)\Intel\Intel(R) Management Engine Components\IPT;C:\Program Files\Intel\Intel(R) Management Engine Components\IPT;C:\Program Files\PuTTY\;C:\WINDOWS\System32\OpenSSH\;C:\Program Files (x86)\Common Files\Adobe\AGL;C:\Users\Public\frc2019\roborio\bin;C:\Users\Public\frc2019\frccode;C:\Program Files\Git\cmd;C:\Users\charl\AppData\Local\Microsoft\WindowsApps;C:\Users\Public\frc2019\roborio\bin;C:\Users\Public\frc2019\frccode;C:\Users\charl\AppData\Local\GitHubDesktop\bin
USERNAME=charl
OS=Windows_NT
PROCESSOR_IDENTIFIER=Intel64 Family 6 Model 142 Stepping 9, GenuineIntel



---------------  S Y S T E M  ---------------

OS: Windows 10 , 64 bit Build 17134 (10.0.17134.1)

CPU:total 4 (initial active 4) (2 cores per cpu, 2 threads per core) family 6 model 142 stepping 9, cmov, cx8, fxsr, mmx, sse, sse2, sse3, ssse3, sse4.1, sse4.2, popcnt, avx, avx2, aes, clmul, erms, 3dnowpref, lzcnt, ht, tsc, tscinvbit, bmi1, bmi2, adx, fma

Memory: 4k page, system-wide physical 3964M (400M free)
TotalPageFile size 6012M (AvailPageFile size 5M)
current process WorkingSet (physical memory assigned to process): 194M, peak: 194M
current process commit charge ("private bytes"): 227M, peak: 240M

vm_info: OpenJDK 64-Bit Server VM (11.0.1+13) for windows-amd64 JRE (11.0.1+13), built on Oct  6 2018 13:18:13 by "mach5one" with MS VC++ 15.5 (VS2017)

END.
