#
# There is insufficient memory for the Java Runtime Environment to continue.
# Native memory allocation (mmap) failed to map 65011712 bytes for Failed to commit area from 0x00000000fc000000 to 0x00000000ffe00000 of length 65011712.
# Possible reasons:
#   The system is out of physical RAM or swap space
#   The process is running with CompressedOops enabled, and the Java Heap may be blocking the growth of the native heap
# Possible solutions:
#   Reduce memory load on the system
#   Increase physical memory or swap space
#   Check if swap backing store is full
#   Decrease Java heap size (-Xmx/-Xms)
#   Decrease number of Java threads
#   Decrease Java thread stack sizes (-Xss)
#   Set larger code cache with -XX:ReservedCodeCacheSize=
# This output file may be truncated or incomplete.
#
#  Out of Memory Error (t:/workspace/open/src/hotspot/os/windows/os_windows.cpp:3269), pid=2920, tid=6008
#
# JRE version:  (11.0.1+13) (build )
# Java VM: OpenJDK 64-Bit Server VM (11.0.1+13, mixed mode, aot, sharing, tiered, compressed oops, g1 gc, windows-amd64)
# No core dump will be written. Minidumps are not enabled by default on client versions of Windows
#

---------------  S U M M A R Y ------------

Command Line: -Xmx64m -Dorg.gradle.appname=gradlew org.gradle.wrapper.GradleWrapperMain deploy -PteamNumber=2557 --offline -Dorg.gradle.java.home=C:\Users\Public\frc2019\jdk

Host: Intel(R) Core(TM) i3-7100U CPU @ 2.40GHz, 4 cores, 3G,  Windows 10 , 64 bit Build 17134 (10.0.17134.1)
Time: Tue Jan 29 12:10:54 2019 Pacific Standard Time elapsed time: 0 seconds (0d 0h 0m 0s)

---------------  T H R E A D  ---------------

Current thread (0x000002092d316800):  JavaThread "Unknown thread" [_thread_in_vm, id=6008, stack(0x0000006d13100000,0x0000006d13200000)]

Stack: [0x0000006d13100000,0x0000006d13200000]
Native frames: (J=compiled Java code, j=interpreted, Vv=VM code, C=native code)
V  [jvm.dll+0x63ad9a]
V  [jvm.dll+0x77851f]
V  [jvm.dll+0x779b08]
V  [jvm.dll+0x77a1c3]
V  [jvm.dll+0x2624c8]
V  [jvm.dll+0x63824a]
V  [jvm.dll+0x62cb05]
V  [jvm.dll+0x31561c]
V  [jvm.dll+0x3154a2]
V  [jvm.dll+0x31ad16]
V  [jvm.dll+0x3671cf]
V  [jvm.dll+0x366bf0]
V  [jvm.dll+0x2f2358]
V  [jvm.dll+0x2f34b6]
V  [jvm.dll+0x7517c7]
V  [jvm.dll+0x752f0f]
V  [jvm.dll+0x373ff9]
V  [jvm.dll+0x738049]
V  [jvm.dll+0x3e357d]
V  [jvm.dll+0x3e58e1]
C  [java.exe+0x3603]
C  [java.exe+0x1746c]
C  [KERNEL32.DLL+0x13034]
C  [ntdll.dll+0x73691]


---------------  P R O C E S S  ---------------

Threads class SMR info:
_java_thread_list=0x000002092b164050, length=0, elements={
}

Java Threads: ( => current thread )

Other Threads:
  0x000002092d32a000 GCTaskThread "GC Thread#0" [stack: 0x0000006d13200000,0x0000006d13300000] [id=18500]
  0x000002092d330000 ConcurrentGCThread "G1 Main Marker" [stack: 0x0000006d13300000,0x0000006d13400000] [id=17096]
  0x000002092d331800 ConcurrentGCThread "G1 Conc#0" [stack: 0x0000006d13400000,0x0000006d13500000] [id=17728]

[error occurred during error reporting (printing all threads), id 0xc0000005, EXCEPTION_ACCESS_VIOLATION (0xc0000005) at pc=0x00007fff3a170d17]

VM state:not at safepoint (not fully initialized)

VM Mutex/Monitor currently owned by a thread:  ([mutex/lock_event])
[0x000002092d3146b0] Heap_lock - owner thread: 0x000002092d316800

Heap address: 0x00000000fc000000, size: 64 MB, Compressed Oops mode: Non-zero based: 0x00000000fc000000
Narrow klass base: 0x0000000000000000, Narrow klass shift: 0

GC Heap History (0 events):
No events

Deoptimization events (0 events):
No events

Classes redefined (0 events):
No events

Internal exceptions (0 events):
No events

Events (0 events):
No events


Dynamic libraries:
0x00007ff608fe0000 - 0x00007ff609025000 	C:\Users\Public\frc2019\jdk\bin\java.exe
0x00007fff97770000 - 0x00007fff97951000 	C:\WINDOWS\SYSTEM32\ntdll.dll
0x00007fff957a0000 - 0x00007fff95852000 	C:\WINDOWS\System32\KERNEL32.DLL
0x00007fff94020000 - 0x00007fff94293000 	C:\WINDOWS\System32\KERNELBASE.dll
0x00007fff952c0000 - 0x00007fff95450000 	C:\WINDOWS\System32\USER32.dll
0x00007fff93cf0000 - 0x00007fff93d10000 	C:\WINDOWS\System32\win32u.dll
0x00007fff95910000 - 0x00007fff95938000 	C:\WINDOWS\System32\GDI32.dll
0x00007fff942a0000 - 0x00007fff94432000 	C:\WINDOWS\System32\gdi32full.dll
0x00007fff93f00000 - 0x00007fff93f9f000 	C:\WINDOWS\System32\msvcp_win.dll
0x00007fff93b40000 - 0x00007fff93c3a000 	C:\WINDOWS\System32\ucrtbase.dll
0x00007fff7f020000 - 0x00007fff7f289000 	C:\WINDOWS\WinSxS\amd64_microsoft.windows.common-controls_6595b64144ccf1df_6.0.17134.523_none_fb409dd930672a56\COMCTL32.dll
0x00007fff95120000 - 0x00007fff951be000 	C:\WINDOWS\System32\msvcrt.dll
0x00007fff97160000 - 0x00007fff97482000 	C:\WINDOWS\System32\combase.dll
0x00007fff955a0000 - 0x00007fff956c4000 	C:\WINDOWS\System32\RPCRT4.dll
0x00007fff93fa0000 - 0x00007fff9401a000 	C:\WINDOWS\System32\bcryptPrimitives.dll
0x00007fff95940000 - 0x00007fff9596d000 	C:\WINDOWS\System32\IMM32.DLL
0x00007fff79a00000 - 0x00007fff79a16000 	C:\Users\Public\frc2019\jdk\bin\vcruntime140.dll
0x00007fff63b40000 - 0x00007fff63bdb000 	C:\Users\Public\frc2019\jdk\bin\msvcp140.dll
0x00007fff39e70000 - 0x00007fff3a9b1000 	C:\Users\Public\frc2019\jdk\bin\server\jvm.dll
0x00007fff95860000 - 0x00007fff95901000 	C:\WINDOWS\System32\ADVAPI32.dll
0x00007fff97490000 - 0x00007fff974eb000 	C:\WINDOWS\System32\sechost.dll
0x00007fff974f0000 - 0x00007fff974f8000 	C:\WINDOWS\System32\PSAPI.DLL
0x00007fff7ed90000 - 0x00007fff7ed99000 	C:\WINDOWS\SYSTEM32\WSOCK32.dll
0x00007fff917b0000 - 0x00007fff917d3000 	C:\WINDOWS\SYSTEM32\WINMM.dll
0x00007fff89260000 - 0x00007fff8926a000 	C:\WINDOWS\SYSTEM32\VERSION.dll
0x00007fff956d0000 - 0x00007fff9573c000 	C:\WINDOWS\System32\WS2_32.dll
0x00007fff91780000 - 0x00007fff917aa000 	C:\WINDOWS\SYSTEM32\WINMMBASE.dll
0x00007fff93c40000 - 0x00007fff93c89000 	C:\WINDOWS\System32\cfgmgr32.dll
0x00007fff93af0000 - 0x00007fff93b01000 	C:\WINDOWS\System32\kernel.appcore.dll
0x00007fff79920000 - 0x00007fff79931000 	C:\Users\Public\frc2019\jdk\bin\verify.dll
0x00007fff7df30000 - 0x00007fff7e0f9000 	C:\WINDOWS\SYSTEM32\DBGHELP.DLL
0x00007fff7df00000 - 0x00007fff7df29000 	C:\WINDOWS\SYSTEM32\dbgcore.DLL
0x00007fff79330000 - 0x00007fff79358000 	C:\Users\Public\frc2019\jdk\bin\java.dll
0x00007fff79780000 - 0x00007fff79796000 	C:\Users\Public\frc2019\jdk\bin\zip.dll
0x00007fff8e710000 - 0x00007fff8e71a000 	C:\Users\Public\frc2019\jdk\bin\jimage.dll

dbghelp: loaded successfully - version: 4.0.5 - missing functions: none
symbol engine: initialized successfully - sym options: 0x614 - pdb path: .;C:\Users\Public\frc2019\jdk\bin;C:\WINDOWS\SYSTEM32;C:\WINDOWS\WinSxS\amd64_microsoft.windows.common-controls_6595b64144ccf1df_6.0.17134.523_none_fb409dd930672a56;C:\Users\Public\frc2019\jdk\bin\server

VM Arguments:
jvm_args: -Xmx64m -Dorg.gradle.appname=gradlew 
java_command: org.gradle.wrapper.GradleWrapperMain deploy -PteamNumber=2557 --offline -Dorg.gradle.java.home=C:\Users\Public\frc2019\jdk
java_class_path (initial): c:\Users\charl\Desktop\VS Code Projects\Robot2019\\gradle\wrapper\gradle-wrapper.jar
Launcher Type: SUN_STANDARD

[Global flags]
     intx CICompilerCount                          = 3                                         {product} {ergonomic}
     uint ConcGCThreads                            = 1                                         {product} {ergonomic}
     uint G1ConcRefinementThreads                  = 4                                         {product} {ergonomic}
   size_t G1HeapRegionSize                         = 1048576                                   {product} {ergonomic}
    uintx GCDrainStackTargetSize                   = 64                                        {product} {ergonomic}
   size_t InitialHeapSize                          = 65011712                                  {product} {ergonomic}
   size_t MarkStackSize                            = 4194304                                   {product} {ergonomic}
   size_t MaxHeapSize                              = 67108864                                  {product} {command line}
   size_t MinHeapDeltaBytes                        = 1048576                                   {product} {ergonomic}
    uintx NonNMethodCodeHeapSize                   = 5830092                                {pd product} {ergonomic}
    uintx NonProfiledCodeHeapSize                  = 122914074                              {pd product} {ergonomic}
    uintx ProfiledCodeHeapSize                     = 122914074                              {pd product} {ergonomic}
    uintx ReservedCodeCacheSize                    = 251658240                              {pd product} {ergonomic}
     bool SegmentedCodeCache                       = true                                      {product} {ergonomic}
     bool UseCompressedClassPointers               = true                                 {lp64_product} {ergonomic}
     bool UseCompressedOops                        = true                                 {lp64_product} {ergonomic}
     bool UseG1GC                                  = true                                      {product} {ergonomic}
     bool UseLargePagesIndividualAllocation        = false                                  {pd product} {ergonomic}

Logging:
Log output configuration:
 #0: stdout all=warning uptime,level,tags
 #1: stderr all=off uptime,level,tags

Environment Variables:
JAVA_HOME=C:\Users\Public\frc2019\jdk
CLASSPATH=c:\Users\charl\Desktop\VS Code Projects\Robot2019\\gradle\wrapper\gradle-wrapper.jar
PATH=C:\Users\Public\frc2019\jdk\bin:C:\Program Files\Java\jdk-11.0.2\bin;C:\Program Files (x86)\Intel\iCLS Client\;C:\Program Files\Intel\iCLS Client\;C:\WINDOWS\system32;C:\WINDOWS;C:\WINDOWS\System32\Wbem;C:\WINDOWS\System32\WindowsPowerShell\v1.0\;C:\Program Files (x86)\Intel\Intel(R) Management Engine Components\DAL;C:\Program Files\Intel\Intel(R) Management Engine Components\DAL;C:\Program Files (x86)\Intel\Intel(R) Management Engine Components\IPT;C:\Program Files\Intel\Intel(R) Management Engine Components\IPT;C:\Program Files\PuTTY\;C:\WINDOWS\System32\OpenSSH\;C:\Program Files (x86)\Common Files\Adobe\AGL;C:\Users\Public\frc2019\roborio\bin;C:\Users\Public\frc2019\frccode;C:\Program Files\Git\cmd;C:\Users\charl\AppData\Local\Microsoft\WindowsApps;C:\Users\Public\frc2019\roborio\bin;C:\Users\Public\frc2019\frccode;C:\Users\charl\AppData\Local\GitHubDesktop\bin
USERNAME=charl
OS=Windows_NT
PROCESSOR_IDENTIFIER=Intel64 Family 6 Model 142 Stepping 9, GenuineIntel



---------------  S Y S T E M  ---------------

OS: Windows 10 , 64 bit Build 17134 (10.0.17134.1)

CPU:total 4 (initial active 4) (2 cores per cpu, 2 threads per core) family 6 model 142 stepping 9, cmov, cx8, fxsr, mmx, sse, sse2, sse3, ssse3, sse4.1, sse4.2, popcnt, avx, avx2, aes, clmul, erms, 3dnowpref, lzcnt, ht, tsc, tscinvbit, bmi1, bmi2, adx, fma

Memory: 4k page, system-wide physical 3964M (483M free)
TotalPageFile size 6012M (AvailPageFile size 57M)
current process WorkingSet (physical memory assigned to process): 9M, peak: 9M
current process commit charge ("private bytes"): 51M, peak: 113M

vm_info: OpenJDK 64-Bit Server VM (11.0.1+13) for windows-amd64 JRE (11.0.1+13), built on Oct  6 2018 13:18:13 by "mach5one" with MS VC++ 15.5 (VS2017)

END.
