#
# There is insufficient memory for the Java Runtime Environment to continue.
# Native memory allocation (malloc) failed to allocate 713456 bytes for Chunk::new
# Possible reasons:
#   The system is out of physical RAM or swap space
#   The process is running with CompressedOops enabled, and the Java Heap may be blocking the growth of the native heap
# Possible solutions:
#   Reduce memory load on the system
#   Increase physical memory or swap space
#   Check if swap backing store is full
#   Decrease Java heap size (-Xmx/-Xms)
#   Decrease number of Java threads
#   Decrease Java thread stack sizes (-Xss)
#   Set larger code cache with -XX:ReservedCodeCacheSize=
#   JVM is running with Unscaled Compressed Oops mode in which the Java heap is
#     placed in the first 4GB address space. The Java Heap base address is the
#     maximum limit for the native heap growth. Please use -XX:HeapBaseMinAddress
#     to set the Java Heap base and to place the Java Heap above 4GB virtual address.
# This output file may be truncated or incomplete.
#
#  Out of Memory Error (t:/workspace/open/src/hotspot/share/memory/arena.cpp:197), pid=9840, tid=10436
#
# JRE version: OpenJDK Runtime Environment (11.0.1+13) (build 11.0.1+13)
# Java VM: OpenJDK 64-Bit Server VM (11.0.1+13, mixed mode, tiered, compressed oops, g1 gc, windows-amd64)
# No core dump will be written. Minidumps are not enabled by default on client versions of Windows
#

---------------  S U M M A R Y ------------

Command Line: --add-opens=java.base/java.util=ALL-UNNAMED --add-opens=java.base/java.lang=ALL-UNNAMED --add-opens=java.base/java.lang.invoke=ALL-UNNAMED --add-opens=java.prefs/java.util.prefs=ALL-UNNAMED -XX:MaxMetaspaceSize=256m -XX:+HeapDumpOnOutOfMemoryError -Xmx512m -Dfile.encoding=windows-1252 -Duser.country=US -Duser.language=en -Duser.variant org.gradle.launcher.daemon.bootstrap.GradleDaemon 5.0

Host: Intel(R) Core(TM) i3-7100U CPU @ 2.40GHz, 4 cores, 3G,  Windows 10 , 64 bit Build 17134 (10.0.17134.1)
Time: Tue Jan 29 11:29:57 2019 Pacific Standard Time elapsed time: 3862 seconds (0d 1h 4m 22s)

---------------  T H R E A D  ---------------

Current thread (0x000001686ccb7000):  JavaThread "C2 CompilerThread1" daemon [_thread_in_native, id=10436, stack(0x000000421ab00000,0x000000421ac00000)]


Current CompileTask:
C2:3862815 11922       4       org.gradle.model.internal.registry.DefaultModelRegistry::transition (165 bytes)

Stack: [0x000000421ab00000,0x000000421ac00000]
Native frames: (J=compiled Java code, j=interpreted, Vv=VM code, C=native code)
V  [jvm.dll+0x63ad9a]
V  [jvm.dll+0x77851f]
V  [jvm.dll+0x779b08]
V  [jvm.dll+0x77a1c3]
V  [jvm.dll+0x2624c8]
V  [jvm.dll+0xc5b61]
V  [jvm.dll+0xc60fc]
V  [jvm.dll+0x36e637]
V  [jvm.dll+0x33b413]
V  [jvm.dll+0x33a7ea]
V  [jvm.dll+0x21c365]
V  [jvm.dll+0x21b50a]
V  [jvm.dll+0x198400]
V  [jvm.dll+0x22a4ff]
V  [jvm.dll+0x228b18]
V  [jvm.dll+0x73dc2d]
V  [jvm.dll+0x639e32]
C  [ucrtbase.dll+0x1c4ce]
C  [KERNEL32.DLL+0x13034]
C  [ntdll.dll+0x73691]


---------------  P R O C E S S  ---------------

Threads class SMR info:
_java_thread_list=0x000001686d3434e0, length=92, elements={
0x000001684b995000, 0x0000016866c26000, 0x0000016866c2f800, 0x0000016866c84000,
0x0000016866c86000, 0x0000016866c87800, 0x0000016866c8b800, 0x0000016866c90000,
0x0000016866ede800, 0x0000016866ef2800, 0x00000168684ff800, 0x00000168686c8800,
0x00000168684ee800, 0x0000016867837000, 0x0000016867839800, 0x000001686783a000,
0x000001686bb60800, 0x000001686bb5a800, 0x000001686bb67000, 0x000001686bb65800,
0x000001686bb64800, 0x000001686bb66000, 0x000001686bb61000, 0x000001686bb67800,
0x000001686bb68800, 0x000001686b3b5000, 0x000001686bb63000, 0x000001686bb5d000,
0x000001686bb63800, 0x000001686bb5e800, 0x000001686bb69800, 0x0000016867834800,
0x0000016867838800, 0x000001686783b000, 0x0000016867835800, 0x000001686b2af800,
0x000001686b2aa800, 0x000001686b2ae000, 0x000001686b2ab800, 0x000001686b2ad000,
0x000001686b3b9800, 0x000001686b3bb000, 0x000001686b3ba000, 0x000001686b3bb800,
0x000001686b3b8800, 0x000001686b3c0800, 0x000001686b3bf000, 0x000001686bb5e000,
0x000001686bb5c800, 0x000001686b3b7800, 0x000001686b3b2000, 0x000001686b3bc800,
0x000001686b3bd800, 0x000001686b3be000, 0x000001686b3c0000, 0x0000016867836000,
0x000001686d484000, 0x000001686d482800, 0x000001686d486000, 0x000001686d485000,
0x000001686d483800, 0x000001686d486800, 0x000001686d481000, 0x000001686d487800,
0x000001686d482000, 0x000001686d48e000, 0x000001686d48b800, 0x000001686d489000,
0x000001686d488800, 0x000001686d48b000, 0x000001686d48c800, 0x000001686d48f000,
0x000001686d48a000, 0x000001686d48d000, 0x000001686d48f800, 0x000001686b2ac000,
0x000001686b2ae800, 0x000001686b2aa000, 0x000001686b2b4800, 0x000001686b2b2800,
0x000001686b2b2000, 0x000001686b2b5000, 0x000001686b2b3800, 0x000001686b2b0800,
0x000001686b2b7000, 0x000001686b2b6000, 0x000001686ccb7000, 0x000001686b2b1000,
0x000001686b2b7800, 0x000001686b2b8800, 0x000001686b3b4800, 0x000001686b3b6000
}

Java Threads: ( => current thread )
  0x000001684b995000 JavaThread "main" [_thread_blocked, id=21992, stack(0x0000004214c00000,0x0000004214d00000)]
  0x0000016866c26000 JavaThread "Reference Handler" daemon [_thread_blocked, id=7372, stack(0x0000004215300000,0x0000004215400000)]
  0x0000016866c2f800 JavaThread "Finalizer" daemon [_thread_blocked, id=10312, stack(0x0000004215400000,0x0000004215500000)]
  0x0000016866c84000 JavaThread "Signal Dispatcher" daemon [_thread_blocked, id=6136, stack(0x0000004215500000,0x0000004215600000)]
  0x0000016866c86000 JavaThread "Attach Listener" daemon [_thread_blocked, id=9120, stack(0x0000004215600000,0x0000004215700000)]
  0x0000016866c87800 JavaThread "C2 CompilerThread0" daemon [_thread_in_native, id=5480, stack(0x0000004215700000,0x0000004215800000)]
  0x0000016866c8b800 JavaThread "C1 CompilerThread0" daemon [_thread_blocked, id=21768, stack(0x0000004215800000,0x0000004215900000)]
  0x0000016866c90000 JavaThread "Sweeper thread" daemon [_thread_blocked, id=20000, stack(0x0000004215900000,0x0000004215a00000)]
  0x0000016866ede800 JavaThread "Common-Cleaner" daemon [_thread_blocked, id=17424, stack(0x0000004215a00000,0x0000004215b00000)]
  0x0000016866ef2800 JavaThread "Service Thread" daemon [_thread_blocked, id=12144, stack(0x0000004215b00000,0x0000004215c00000)]
  0x00000168684ff800 JavaThread "Incoming local TCP Connector on port 52927" [_thread_in_native, id=10064, stack(0x0000004215e00000,0x0000004215f00000)]
  0x00000168686c8800 JavaThread "Daemon periodic checks" [_thread_blocked, id=18140, stack(0x0000004215f00000,0x0000004216000000)]
  0x00000168684ee800 JavaThread "Cache worker for file hash cache (C:\Users\charl\.gradle\caches\5.0\fileHashes)" [_thread_blocked, id=20308, stack(0x0000004216900000,0x0000004216a00000)]
  0x0000016867837000 JavaThread "File lock request listener" [_thread_in_native, id=11936, stack(0x0000004216a00000,0x0000004216b00000)]
  0x0000016867839800 JavaThread "Cache worker for journal cache (C:\Users\charl\.gradle\caches\journal-1)" [_thread_blocked, id=15320, stack(0x0000004216c00000,0x0000004216d00000)]
  0x000001686783a000 JavaThread "Cache worker for Artifact transforms cache (C:\Users\charl\.gradle\caches\transforms-1)" [_thread_blocked, id=19160, stack(0x0000004216f00000,0x0000004217000000)]
  0x000001686bb60800 JavaThread "Memory manager" [_thread_blocked, id=17464, stack(0x0000004217500000,0x0000004217600000)]
  0x000001686bb5a800 JavaThread "Cache worker for file content cache (C:\Users\charl\.gradle\caches\5.0\fileContent)" [_thread_blocked, id=22996, stack(0x0000004217600000,0x0000004217700000)]
  0x000001686bb67000 JavaThread "pool-1-thread-1" [_thread_blocked, id=15412, stack(0x0000004217e00000,0x0000004217f00000)]
  0x000001686bb65800 JavaThread "pool-1-thread-2" [_thread_blocked, id=10192, stack(0x0000004217f00000,0x0000004218000000)]
  0x000001686bb64800 JavaThread "pool-1-thread-3" [_thread_blocked, id=9260, stack(0x0000004218000000,0x0000004218100000)]
  0x000001686bb66000 JavaThread "pool-1-thread-4" [_thread_blocked, id=14212, stack(0x0000004218100000,0x0000004218200000)]
  0x000001686bb61000 JavaThread "pool-1-thread-5" [_thread_blocked, id=1208, stack(0x0000004218200000,0x0000004218300000)]
  0x000001686bb67800 JavaThread "pool-1-thread-6" [_thread_blocked, id=18996, stack(0x0000004218300000,0x0000004218400000)]
  0x000001686bb68800 JavaThread "pool-1-thread-7" [_thread_blocked, id=18740, stack(0x0000004218400000,0x0000004218500000)]
  0x000001686b3b5000 JavaThread "Cache worker for Java compile cache (C:\Users\charl\.gradle\caches\5.0\javaCompile)" [_thread_blocked, id=1868, stack(0x0000004218700000,0x0000004218800000)]
  0x000001686bb63000 JavaThread "pool-2-thread-1" [_thread_blocked, id=18196, stack(0x0000004217c00000,0x0000004217d00000)]
  0x000001686bb5d000 JavaThread "pool-2-thread-2" [_thread_blocked, id=23104, stack(0x0000004217d00000,0x0000004217e00000)]
  0x000001686bb63800 JavaThread "pool-2-thread-3" [_thread_blocked, id=13644, stack(0x0000004218600000,0x0000004218700000)]
  0x000001686bb5e800 JavaThread "pool-2-thread-4" [_thread_blocked, id=5724, stack(0x0000004218800000,0x0000004218900000)]
  0x000001686bb69800 JavaThread "pool-2-thread-5" [_thread_blocked, id=21368, stack(0x0000004218a00000,0x0000004218b00000)]
  0x0000016867834800 JavaThread "pool-2-thread-6" [_thread_blocked, id=14048, stack(0x0000004218b00000,0x0000004218c00000)]
  0x0000016867838800 JavaThread "pool-2-thread-7" [_thread_blocked, id=14924, stack(0x0000004218c00000,0x0000004218d00000)]
  0x000001686783b000 JavaThread "pool-3-thread-1" [_thread_blocked, id=12172, stack(0x0000004218d00000,0x0000004218e00000)]
  0x0000016867835800 JavaThread "pool-3-thread-2" [_thread_blocked, id=13936, stack(0x0000004218f00000,0x0000004219000000)]
  0x000001686b2af800 JavaThread "pool-3-thread-3" [_thread_blocked, id=21264, stack(0x0000004219100000,0x0000004219200000)]
  0x000001686b2aa800 JavaThread "pool-3-thread-4" [_thread_blocked, id=21656, stack(0x0000004219200000,0x0000004219300000)]
  0x000001686b2ae000 JavaThread "pool-3-thread-5" [_thread_blocked, id=10752, stack(0x0000004219300000,0x0000004219400000)]
  0x000001686b2ab800 JavaThread "pool-3-thread-6" [_thread_blocked, id=4172, stack(0x0000004219500000,0x0000004219600000)]
  0x000001686b2ad000 JavaThread "pool-3-thread-7" [_thread_blocked, id=9672, stack(0x0000004219600000,0x0000004219700000)]
  0x000001686b3b9800 JavaThread "pool-4-thread-1" [_thread_blocked, id=14252, stack(0x0000004217a00000,0x0000004217b00000)]
  0x000001686b3bb000 JavaThread "pool-4-thread-2" [_thread_blocked, id=20992, stack(0x0000004217b00000,0x0000004217c00000)]
  0x000001686b3ba000 JavaThread "pool-4-thread-3" [_thread_blocked, id=19128, stack(0x0000004218500000,0x0000004218600000)]
  0x000001686b3bb800 JavaThread "pool-4-thread-4" [_thread_blocked, id=21412, stack(0x0000004218e00000,0x0000004218f00000)]
  0x000001686b3b8800 JavaThread "pool-4-thread-5" [_thread_blocked, id=5956, stack(0x0000004219000000,0x0000004219100000)]
  0x000001686b3c0800 JavaThread "pool-4-thread-6" [_thread_blocked, id=12316, stack(0x0000004219400000,0x0000004219500000)]
  0x000001686b3bf000 JavaThread "pool-4-thread-7" [_thread_blocked, id=22436, stack(0x0000004219700000,0x0000004219800000)]
  0x000001686bb5e000 JavaThread "Daemon Thread 5" [_thread_blocked, id=19516, stack(0x0000004214800000,0x0000004214900000)]
  0x000001686bb5c800 JavaThread "Daemon worker Thread 5" [_thread_blocked, id=22900, stack(0x0000004216100000,0x0000004216200000)]
  0x000001686b3b7800 JavaThread "pool-5-thread-1" [_thread_blocked, id=12460, stack(0x0000004219b00000,0x0000004219c00000)]
  0x000001686b3b2000 JavaThread "pool-5-thread-2" [_thread_blocked, id=22744, stack(0x0000004219d00000,0x0000004219e00000)]
  0x000001686b3bc800 JavaThread "pool-5-thread-3" [_thread_blocked, id=2868, stack(0x0000004219e00000,0x0000004219f00000)]
  0x000001686b3bd800 JavaThread "pool-5-thread-4" [_thread_blocked, id=10232, stack(0x0000004219f00000,0x000000421a000000)]
  0x000001686b3be000 JavaThread "pool-5-thread-5" [_thread_blocked, id=18264, stack(0x000000421a000000,0x000000421a100000)]
  0x000001686b3c0000 JavaThread "pool-5-thread-6" [_thread_blocked, id=17848, stack(0x000000421a100000,0x000000421a200000)]
  0x0000016867836000 JavaThread "pool-5-thread-7" [_thread_blocked, id=12348, stack(0x000000421a200000,0x000000421a300000)]
  0x000001686d484000 JavaThread "Connect thread 10.25.57.2 session" [_thread_in_native, id=3948, stack(0x000000421a600000,0x000000421a700000)]
  0x000001686d482800 JavaThread "Connect thread 10.25.57.2 session" [_thread_in_native, id=19432, stack(0x000000421a700000,0x000000421a800000)]
  0x000001686d486000 JavaThread "Handler for socket connection from /127.0.0.1:52927 to /127.0.0.1:57275" [_thread_in_native, id=23360, stack(0x0000004214b00000,0x0000004214c00000)]
  0x000001686d485000 JavaThread "Cancel handler" [_thread_blocked, id=22124, stack(0x0000004216000000,0x0000004216100000)]
  0x000001686d483800 JavaThread "Asynchronous log dispatcher for DefaultDaemonConnection: socket connection from /127.0.0.1:52927 to /127.0.0.1:57275" [_thread_blocked, id=11828, stack(0x0000004216200000,0x0000004216300000)]
  0x000001686d486800 JavaThread "Stdin handler" [_thread_blocked, id=11020, stack(0x0000004216300000,0x0000004216400000)]
  0x000001686d481000 JavaThread "Thread-159" [_thread_blocked, id=20432, stack(0x0000004216400000,0x0000004216500000)]
  0x000001686d487800 JavaThread "Cache worker for file hash cache (C:\Users\charl\Desktop\VS Code Projects\Robot2019\.gradle\5.0\fileHashes)" [_thread_blocked, id=5308, stack(0x0000004216500000,0x0000004216600000)]
  0x000001686d482000 JavaThread "Cache worker for cache directory md-supplier (C:\Users\charl\.gradle\caches\5.0\md-supplier)" [_thread_blocked, id=9476, stack(0x0000004216600000,0x0000004216700000)]
  0x000001686d48e000 JavaThread "Cache worker for cache directory md-rule (C:\Users\charl\.gradle\caches\5.0\md-rule)" [_thread_blocked, id=2844, stack(0x0000004216b00000,0x0000004216c00000)]
  0x000001686d48b800 JavaThread "Build operations" [_thread_blocked, id=16492, stack(0x0000004216d00000,0x0000004216e00000)]
  0x000001686d489000 JavaThread "Build operations Thread 2" [_thread_blocked, id=4316, stack(0x0000004216e00000,0x0000004216f00000)]
  0x000001686d488800 JavaThread "Build operations Thread 3" [_thread_blocked, id=22084, stack(0x0000004217000000,0x0000004217100000)]
  0x000001686d48b000 JavaThread "Build operations Thread 4" [_thread_blocked, id=6844, stack(0x0000004217100000,0x0000004217200000)]
  0x000001686d48c800 JavaThread "Cache worker for file content cache (C:\Users\charl\Desktop\VS Code Projects\Robot2019\.gradle\5.0\fileContent)" [_thread_blocked, id=10612, stack(0x0000004217200000,0x0000004217300000)]
  0x000001686d48f000 JavaThread "Execution worker for ':'" [_thread_blocked, id=15712, stack(0x0000004217300000,0x0000004217400000)]
  0x000001686d48a000 JavaThread "Execution worker for ':' Thread 2" [_thread_blocked, id=18048, stack(0x0000004217400000,0x0000004217500000)]
  0x000001686d48d000 JavaThread "Execution worker for ':' Thread 3" [_thread_blocked, id=2076, stack(0x0000004217700000,0x0000004217800000)]
  0x000001686d48f800 JavaThread "Cache worker for task history cache (C:\Users\charl\Desktop\VS Code Projects\Robot2019\.gradle\5.0\taskHistory)" [_thread_blocked, id=18908, stack(0x0000004217800000,0x0000004217900000)]
  0x000001686b2ac000 JavaThread "Cache worker for Build Output Cleanup Cache (C:\Users\charl\Desktop\VS Code Projects\Robot2019\.gradle\buildOutputCleanup)" [_thread_blocked, id=19368, stack(0x0000004217900000,0x0000004217a00000)]
  0x000001686b2ae800 JavaThread "WorkerExecutor Queue" [_thread_blocked, id=21764, stack(0x0000004218900000,0x0000004218a00000)]
  0x000001686b2aa000 JavaThread "pool-6-thread-1" [_thread_in_native, id=12128, stack(0x0000004219800000,0x0000004219900000)]
  0x000001686b2b4800 JavaThread "pool-6-thread-2" [_thread_blocked, id=18536, stack(0x0000004219900000,0x0000004219a00000)]
  0x000001686b2b2800 JavaThread "pool-6-thread-3" [_thread_blocked, id=20032, stack(0x0000004219a00000,0x0000004219b00000)]
  0x000001686b2b2000 JavaThread "pool-6-thread-4" [_thread_blocked, id=1956, stack(0x0000004219c00000,0x0000004219d00000)]
  0x000001686b2b5000 JavaThread "pool-6-thread-5" [_thread_blocked, id=18448, stack(0x000000421a500000,0x000000421a600000)]
  0x000001686b2b3800 JavaThread "pool-6-thread-6" [_thread_blocked, id=15064, stack(0x000000421a800000,0x000000421a900000)]
  0x000001686b2b0800 JavaThread "pool-6-thread-7" [_thread_blocked, id=9384, stack(0x000000421a900000,0x000000421aa00000)]
  0x000001686b2b7000 JavaThread "Opening Socket 172.22.11.2" [_thread_in_native, id=6488, stack(0x000000421aa00000,0x000000421ab00000)]
  0x000001686b2b6000 JavaThread "Cache worker for Java compile cache (C:\Users\charl\Desktop\VS Code Projects\Robot2019\.gradle\5.0\javaCompile)" [_thread_blocked, id=15796, stack(0x000000421a400000,0x000000421a500000)]
=>0x000001686ccb7000 JavaThread "C2 CompilerThread1" daemon [_thread_in_native, id=10436, stack(0x000000421ab00000,0x000000421ac00000)]
  0x000001686b2b1000 JavaThread "Connect thread 10.25.57.2 session" [_thread_in_native, id=20040, stack(0x000000421ac00000,0x000000421ad00000)]
  0x000001686b2b7800 JavaThread "Connect thread 10.25.57.2 session" [_thread_in_native, id=1792, stack(0x000000421ad00000,0x000000421ae00000)]
  0x000001686b2b8800 JavaThread "WorkerExecutor Queue Thread 2" [_thread_blocked, id=4648, stack(0x000000421ae00000,0x000000421af00000)]
  0x000001686b3b4800 JavaThread "WorkerExecutor Queue Thread 3" [_thread_blocked, id=18404, stack(0x000000421af00000,0x000000421b000000)]
  0x000001686b3b6000 JavaThread "WorkerExecutor Queue Thread 4" [_thread_blocked, id=6160, stack(0x000000421b000000,0x000000421b100000)]

Other Threads:
  0x0000016866bff000 VMThread "VM Thread" [stack: 0x0000004215200000,0x0000004215300000] [id=14088]
  0x0000016866ef7800 WatcherThread [stack: 0x0000004215c00000,0x0000004215d00000] [id=2924]
  0x000001684b9ad000 GCTaskThread "GC Thread#0" [stack: 0x0000004214d00000,0x0000004214e00000] [id=18632]
  0x0000016867627000 GCTaskThread "GC Thread#1" [stack: 0x0000004215d00000,0x0000004215e00000] [id=16900]
  0x0000016868331800 GCTaskThread "GC Thread#2" [stack: 0x0000004216700000,0x0000004216800000] [id=20152]
  0x0000016868153800 GCTaskThread "GC Thread#3" [stack: 0x0000004216800000,0x0000004216900000] [id=19628]
  0x000001684b9bd800 ConcurrentGCThread "G1 Main Marker" [stack: 0x0000004214e00000,0x0000004214f00000] [id=7740]
  0x000001684b9c0000 ConcurrentGCThread "G1 Conc#0" [stack: 0x0000004214f00000,0x0000004215000000] [id=22480]
  0x000001684ba16000 ConcurrentGCThread "G1 Refine#0" [stack: 0x0000004215000000,0x0000004215100000] [id=21936]
  0x000001684ba17000 ConcurrentGCThread "G1 Young RemSet Sampling" [stack: 0x0000004215100000,0x0000004215200000] [id=12828]

Threads with active compile tasks:
C2 CompilerThread011907   !   4       org.gradle.api.internal.AbstractClassGenerator::generateUnderLock (1161 bytes)
C2 CompilerThread111922       4       org.gradle.model.internal.registry.DefaultModelRegistry::transition (165 bytes)

VM state:not at safepoint (normal execution)

VM Mutex/Monitor currently owned by a thread: None

Heap address: 0x00000000e0000000, size: 512 MB, Compressed Oops mode: 32-bit
Narrow klass base: 0x0000000000000000, Narrow klass shift: 3
Compressed class space size: 260046848 Address: 0x0000000100000000

Heap:
 garbage-first heap   total 175104K, used 62700K [0x00000000e0000000, 0x0000000100000000)
  region size 1024K, 6 young (6144K), 4 survivors (4096K)
 Metaspace       used 67209K, capacity 68422K, committed 68812K, reserved 315392K
  class space    used 8214K, capacity 8618K, committed 8704K, reserved 253952K
Heap Regions: E=young(eden), S=young(survivor), O=old, HS=humongous(starts), HC=humongous(continues), CS=collection set, F=free, A=archive, TAMS=top-at-mark-start (previous, next)
|   0|0x00000000e0000000, 0x00000000e0100000, 0x00000000e0100000|100%|HS|  |TAMS 0x00000000e0100000, 0x00000000e0100000| Complete 
|   1|0x00000000e0100000, 0x00000000e0200000, 0x00000000e0200000|100%|HS|  |TAMS 0x00000000e0200000, 0x00000000e0200000| Complete 
|   2|0x00000000e0200000, 0x00000000e0300000, 0x00000000e0300000|100%|HC|  |TAMS 0x00000000e0300000, 0x00000000e0300000| Complete 
|   3|0x00000000e0300000, 0x00000000e0400000, 0x00000000e0400000|100%| O|  |TAMS 0x00000000e0400000, 0x00000000e0400000| Untracked 
|   4|0x00000000e0400000, 0x00000000e0500000, 0x00000000e0500000|100%| O|  |TAMS 0x00000000e0500000, 0x00000000e0500000| Untracked 
|   5|0x00000000e0500000, 0x00000000e0600000, 0x00000000e0600000|100%| O|  |TAMS 0x00000000e0600000, 0x00000000e0600000| Untracked 
|   6|0x00000000e0600000, 0x00000000e0700000, 0x00000000e0700000|100%| O|  |TAMS 0x00000000e0700000, 0x00000000e0700000| Untracked 
|   7|0x00000000e0700000, 0x00000000e0800000, 0x00000000e0800000|100%| O|  |TAMS 0x00000000e0800000, 0x00000000e0800000| Untracked 
|   8|0x00000000e0800000, 0x00000000e0900000, 0x00000000e0900000|100%| O|  |TAMS 0x00000000e0900000, 0x00000000e0900000| Untracked 
|   9|0x00000000e0900000, 0x00000000e0a00000, 0x00000000e0a00000|100%| O|  |TAMS 0x00000000e0a00000, 0x00000000e0a00000| Untracked 
|  10|0x00000000e0a00000, 0x00000000e0b00000, 0x00000000e0b00000|100%| O|  |TAMS 0x00000000e0b00000, 0x00000000e0b00000| Untracked 
|  11|0x00000000e0b00000, 0x00000000e0c00000, 0x00000000e0c00000|100%| O|  |TAMS 0x00000000e0c00000, 0x00000000e0c00000| Untracked 
|  12|0x00000000e0c00000, 0x00000000e0d00000, 0x00000000e0d00000|100%| O|  |TAMS 0x00000000e0d00000, 0x00000000e0d00000| Untracked 
|  13|0x00000000e0d00000, 0x00000000e0e00000, 0x00000000e0e00000|100%| O|  |TAMS 0x00000000e0e00000, 0x00000000e0e00000| Untracked 
|  14|0x00000000e0e00000, 0x00000000e0f00000, 0x00000000e0f00000|100%| O|  |TAMS 0x00000000e0f00000, 0x00000000e0f00000| Untracked 
|  15|0x00000000e0f00000, 0x00000000e1000000, 0x00000000e1000000|100%| O|  |TAMS 0x00000000e1000000, 0x00000000e1000000| Untracked 
|  16|0x00000000e1000000, 0x00000000e1100000, 0x00000000e1100000|100%| O|  |TAMS 0x00000000e1100000, 0x00000000e1100000| Untracked 
|  17|0x00000000e1100000, 0x00000000e1200000, 0x00000000e1200000|100%| O|  |TAMS 0x00000000e1200000, 0x00000000e1200000| Untracked 
|  18|0x00000000e1200000, 0x00000000e1300000, 0x00000000e1300000|100%| O|  |TAMS 0x00000000e1300000, 0x00000000e1300000| Untracked 
|  19|0x00000000e1300000, 0x00000000e1400000, 0x00000000e1400000|100%| O|  |TAMS 0x00000000e1400000, 0x00000000e1400000| Untracked 
|  20|0x00000000e1400000, 0x00000000e1500000, 0x00000000e1500000|100%| O|  |TAMS 0x00000000e1500000, 0x00000000e1500000| Untracked 
|  21|0x00000000e1500000, 0x00000000e1600000, 0x00000000e1600000|100%| O|  |TAMS 0x00000000e1600000, 0x00000000e1600000| Untracked 
|  22|0x00000000e1600000, 0x00000000e1700000, 0x00000000e1700000|100%| O|  |TAMS 0x00000000e1700000, 0x00000000e1700000| Untracked 
|  23|0x00000000e1700000, 0x00000000e1800000, 0x00000000e1800000|100%| O|  |TAMS 0x00000000e1800000, 0x00000000e1800000| Untracked 
|  24|0x00000000e1800000, 0x00000000e1900000, 0x00000000e1900000|100%| O|  |TAMS 0x00000000e1900000, 0x00000000e1900000| Untracked 
|  25|0x00000000e1900000, 0x00000000e1a00000, 0x00000000e1a00000|100%| O|  |TAMS 0x00000000e1a00000, 0x00000000e1a00000| Untracked 
|  26|0x00000000e1a00000, 0x00000000e1b00000, 0x00000000e1b00000|100%| O|  |TAMS 0x00000000e1b00000, 0x00000000e1b00000| Untracked 
|  27|0x00000000e1b00000, 0x00000000e1c00000, 0x00000000e1c00000|100%| O|  |TAMS 0x00000000e1c00000, 0x00000000e1c00000| Untracked 
|  28|0x00000000e1c00000, 0x00000000e1d00000, 0x00000000e1d00000|100%| O|  |TAMS 0x00000000e1d00000, 0x00000000e1d00000| Untracked 
|  29|0x00000000e1d00000, 0x00000000e1e00000, 0x00000000e1e00000|100%| O|  |TAMS 0x00000000e1e00000, 0x00000000e1e00000| Untracked 
|  30|0x00000000e1e00000, 0x00000000e1f00000, 0x00000000e1f00000|100%| O|  |TAMS 0x00000000e1f00000, 0x00000000e1f00000| Untracked 
|  31|0x00000000e1f00000, 0x00000000e2000000, 0x00000000e2000000|100%| O|  |TAMS 0x00000000e2000000, 0x00000000e2000000| Untracked 
|  32|0x00000000e2000000, 0x00000000e2100000, 0x00000000e2100000|100%| O|  |TAMS 0x00000000e2100000, 0x00000000e2100000| Untracked 
|  33|0x00000000e2100000, 0x00000000e2200000, 0x00000000e2200000|100%|HS|  |TAMS 0x00000000e2100000, 0x00000000e2100000| Complete 
|  34|0x00000000e2200000, 0x00000000e2300000, 0x00000000e2300000|100%|HC|  |TAMS 0x00000000e2200000, 0x00000000e2200000| Complete 
|  35|0x00000000e2300000, 0x00000000e2400000, 0x00000000e2400000|100%| O|  |TAMS 0x00000000e2400000, 0x00000000e2400000| Untracked 
|  36|0x00000000e2400000, 0x00000000e2500000, 0x00000000e2500000|100%| O|  |TAMS 0x00000000e2500000, 0x00000000e2500000| Untracked 
|  37|0x00000000e2500000, 0x00000000e2500000, 0x00000000e2600000|  0%| F|  |TAMS 0x00000000e2500000, 0x00000000e2500000| Untracked 
|  38|0x00000000e2600000, 0x00000000e2700000, 0x00000000e2700000|100%| O|  |TAMS 0x00000000e2700000, 0x00000000e2700000| Untracked 
|  39|0x00000000e2700000, 0x00000000e2800000, 0x00000000e2800000|100%| O|  |TAMS 0x00000000e2800000, 0x00000000e2800000| Untracked 
|  40|0x00000000e2800000, 0x00000000e2900000, 0x00000000e2900000|100%| O|  |TAMS 0x00000000e2900000, 0x00000000e2900000| Untracked 
|  41|0x00000000e2900000, 0x00000000e2900000, 0x00000000e2a00000|  0%| F|  |TAMS 0x00000000e2900000, 0x00000000e2900000| Untracked 
|  42|0x00000000e2a00000, 0x00000000e2a00000, 0x00000000e2b00000|  0%| F|  |TAMS 0x00000000e2a00000, 0x00000000e2a00000| Untracked 
|  43|0x00000000e2b00000, 0x00000000e2b00000, 0x00000000e2c00000|  0%| F|  |TAMS 0x00000000e2b00000, 0x00000000e2b00000| Untracked 
|  44|0x00000000e2c00000, 0x00000000e2d00000, 0x00000000e2d00000|100%| O|  |TAMS 0x00000000e2d00000, 0x00000000e2d00000| Untracked 
|  45|0x00000000e2d00000, 0x00000000e2d00000, 0x00000000e2e00000|  0%| F|  |TAMS 0x00000000e2d00000, 0x00000000e2d00000| Untracked 
|  46|0x00000000e2e00000, 0x00000000e2f00000, 0x00000000e2f00000|100%| O|  |TAMS 0x00000000e2f00000, 0x00000000e2f00000| Untracked 
|  47|0x00000000e2f00000, 0x00000000e3000000, 0x00000000e3000000|100%| O|  |TAMS 0x00000000e3000000, 0x00000000e3000000| Untracked 
|  48|0x00000000e3000000, 0x00000000e3100000, 0x00000000e3100000|100%| O|  |TAMS 0x00000000e30e2e00, 0x00000000e3100000| Untracked 
|  49|0x00000000e3100000, 0x00000000e3100000, 0x00000000e3200000|  0%| F|  |TAMS 0x00000000e3100000, 0x00000000e3100000| Untracked 
|  50|0x00000000e3200000, 0x00000000e3200000, 0x00000000e3300000|  0%| F|  |TAMS 0x00000000e3200000, 0x00000000e3200000| Untracked 
|  51|0x00000000e3300000, 0x00000000e3300000, 0x00000000e3400000|  0%| F|  |TAMS 0x00000000e3300000, 0x00000000e3300000| Untracked 
|  52|0x00000000e3400000, 0x00000000e3400000, 0x00000000e3500000|  0%| F|  |TAMS 0x00000000e3400000, 0x00000000e3400000| Untracked 
|  53|0x00000000e3500000, 0x00000000e3600000, 0x00000000e3600000|100%| O|  |TAMS 0x00000000e3500000, 0x00000000e3600000| Untracked 
|  54|0x00000000e3600000, 0x00000000e3700000, 0x00000000e3700000|100%| O|  |TAMS 0x00000000e3600000, 0x00000000e3700000| Untracked 
|  55|0x00000000e3700000, 0x00000000e3800000, 0x00000000e3800000|100%| O|  |TAMS 0x00000000e3700000, 0x00000000e3800000| Untracked 
|  56|0x00000000e3800000, 0x00000000e3900000, 0x00000000e3900000|100%| O|  |TAMS 0x00000000e3800000, 0x00000000e3900000| Untracked 
|  57|0x00000000e3900000, 0x00000000e39eac00, 0x00000000e3a00000| 91%| O|  |TAMS 0x00000000e3900000, 0x00000000e39eac00| Untracked 
|  58|0x00000000e3a00000, 0x00000000e3b00000, 0x00000000e3b00000|100%|HS|  |TAMS 0x00000000e3a00000, 0x00000000e3a00000| Complete 
|  59|0x00000000e3b00000, 0x00000000e3c00000, 0x00000000e3c00000|100%|HC|  |TAMS 0x00000000e3b00000, 0x00000000e3b00000| Complete 
|  60|0x00000000e3c00000, 0x00000000e3d00000, 0x00000000e3d00000|100%|HC|  |TAMS 0x00000000e3c00000, 0x00000000e3c00000| Complete 
|  61|0x00000000e3d00000, 0x00000000e3e00000, 0x00000000e3e00000|100%|HC|  |TAMS 0x00000000e3d00000, 0x00000000e3d00000| Complete 
|  62|0x00000000e3e00000, 0x00000000e3f00000, 0x00000000e3f00000|100%|HC|  |TAMS 0x00000000e3e00000, 0x00000000e3e00000| Complete 
|  63|0x00000000e3f00000, 0x00000000e4000000, 0x00000000e4000000|100%|HC|  |TAMS 0x00000000e3f00000, 0x00000000e3f00000| Complete 
|  64|0x00000000e4000000, 0x00000000e4100000, 0x00000000e4100000|100%|HC|  |TAMS 0x00000000e4000000, 0x00000000e4000000| Complete 
|  65|0x00000000e4100000, 0x00000000e4200000, 0x00000000e4200000|100%|HC|  |TAMS 0x00000000e4100000, 0x00000000e4100000| Complete 
|  66|0x00000000e4200000, 0x00000000e4300000, 0x00000000e4300000|100%|HC|  |TAMS 0x00000000e4200000, 0x00000000e4200000| Complete 
|  67|0x00000000e4300000, 0x00000000e4300000, 0x00000000e4400000|  0%| F|  |TAMS 0x00000000e4300000, 0x00000000e4300000| Untracked 
|  68|0x00000000e4400000, 0x00000000e4400000, 0x00000000e4500000|  0%| F|  |TAMS 0x00000000e4400000, 0x00000000e4400000| Untracked 
|  69|0x00000000e4500000, 0x00000000e4500000, 0x00000000e4600000|  0%| F|  |TAMS 0x00000000e4500000, 0x00000000e4500000| Untracked 
|  70|0x00000000e4600000, 0x00000000e4600000, 0x00000000e4700000|  0%| F|  |TAMS 0x00000000e4600000, 0x00000000e4600000| Untracked 
|  71|0x00000000e4700000, 0x00000000e4700000, 0x00000000e4800000|  0%| F|  |TAMS 0x00000000e4700000, 0x00000000e4700000| Untracked 
|  72|0x00000000e4800000, 0x00000000e4800000, 0x00000000e4900000|  0%| F|  |TAMS 0x00000000e4800000, 0x00000000e4800000| Untracked 
|  73|0x00000000e4900000, 0x00000000e4900000, 0x00000000e4a00000|  0%| F|  |TAMS 0x00000000e4900000, 0x00000000e4900000| Untracked 
|  74|0x00000000e4a00000, 0x00000000e4a00000, 0x00000000e4b00000|  0%| F|  |TAMS 0x00000000e4a00000, 0x00000000e4a00000| Untracked 
|  75|0x00000000e4b00000, 0x00000000e4b00000, 0x00000000e4c00000|  0%| F|  |TAMS 0x00000000e4b00000, 0x00000000e4b00000| Untracked 
|  76|0x00000000e4c00000, 0x00000000e4c00000, 0x00000000e4d00000|  0%| F|  |TAMS 0x00000000e4c00000, 0x00000000e4c00000| Untracked 
|  77|0x00000000e4d00000, 0x00000000e4d00000, 0x00000000e4e00000|  0%| F|  |TAMS 0x00000000e4d00000, 0x00000000e4d00000| Untracked 
|  78|0x00000000e4e00000, 0x00000000e4e00000, 0x00000000e4f00000|  0%| F|  |TAMS 0x00000000e4e00000, 0x00000000e4e00000| Untracked 
|  79|0x00000000e4f00000, 0x00000000e4f00000, 0x00000000e5000000|  0%| F|  |TAMS 0x00000000e4f00000, 0x00000000e4f00000| Untracked 
|  80|0x00000000e5000000, 0x00000000e5000000, 0x00000000e5100000|  0%| F|  |TAMS 0x00000000e5000000, 0x00000000e5000000| Untracked 
|  81|0x00000000e5100000, 0x00000000e5100000, 0x00000000e5200000|  0%| F|  |TAMS 0x00000000e5100000, 0x00000000e5100000| Untracked 
|  82|0x00000000e5200000, 0x00000000e5200000, 0x00000000e5300000|  0%| F|  |TAMS 0x00000000e5200000, 0x00000000e5200000| Untracked 
|  83|0x00000000e5300000, 0x00000000e5300000, 0x00000000e5400000|  0%| F|  |TAMS 0x00000000e5300000, 0x00000000e5300000| Untracked 
|  84|0x00000000e5400000, 0x00000000e5400000, 0x00000000e5500000|  0%| F|  |TAMS 0x00000000e5400000, 0x00000000e5400000| Untracked 
|  85|0x00000000e5500000, 0x00000000e5500000, 0x00000000e5600000|  0%| F|  |TAMS 0x00000000e5500000, 0x00000000e5500000| Untracked 
|  86|0x00000000e5600000, 0x00000000e5600000, 0x00000000e5700000|  0%| F|  |TAMS 0x00000000e5600000, 0x00000000e5600000| Untracked 
|  87|0x00000000e5700000, 0x00000000e5700000, 0x00000000e5800000|  0%| F|  |TAMS 0x00000000e5700000, 0x00000000e5700000| Untracked 
|  88|0x00000000e5800000, 0x00000000e5800000, 0x00000000e5900000|  0%| F|  |TAMS 0x00000000e5800000, 0x00000000e5800000| Untracked 
|  89|0x00000000e5900000, 0x00000000e5900000, 0x00000000e5a00000|  0%| F|  |TAMS 0x00000000e5900000, 0x00000000e5900000| Untracked 
|  90|0x00000000e5a00000, 0x00000000e5a00000, 0x00000000e5b00000|  0%| F|  |TAMS 0x00000000e5a00000, 0x00000000e5a00000| Untracked 
|  91|0x00000000e5b00000, 0x00000000e5b00000, 0x00000000e5c00000|  0%| F|  |TAMS 0x00000000e5b00000, 0x00000000e5b00000| Untracked 
|  92|0x00000000e5c00000, 0x00000000e5c00000, 0x00000000e5d00000|  0%| F|  |TAMS 0x00000000e5c00000, 0x00000000e5c00000| Untracked 
|  93|0x00000000e5d00000, 0x00000000e5d00000, 0x00000000e5e00000|  0%| F|  |TAMS 0x00000000e5d00000, 0x00000000e5d00000| Untracked 
|  94|0x00000000e5e00000, 0x00000000e5e00000, 0x00000000e5f00000|  0%| F|  |TAMS 0x00000000e5e00000, 0x00000000e5e00000| Untracked 
|  95|0x00000000e5f00000, 0x00000000e5f00000, 0x00000000e6000000|  0%| F|  |TAMS 0x00000000e5f00000, 0x00000000e5f00000| Untracked 
|  96|0x00000000e6000000, 0x00000000e6000000, 0x00000000e6100000|  0%| F|  |TAMS 0x00000000e6000000, 0x00000000e6000000| Untracked 
|  97|0x00000000e6100000, 0x00000000e6100000, 0x00000000e6200000|  0%| F|  |TAMS 0x00000000e6100000, 0x00000000e6100000| Untracked 
|  98|0x00000000e6200000, 0x00000000e6200000, 0x00000000e6300000|  0%| F|  |TAMS 0x00000000e6200000, 0x00000000e6200000| Untracked 
|  99|0x00000000e6300000, 0x00000000e6300000, 0x00000000e6400000|  0%| F|  |TAMS 0x00000000e6300000, 0x00000000e6300000| Untracked 
| 100|0x00000000e6400000, 0x00000000e6400000, 0x00000000e6500000|  0%| F|  |TAMS 0x00000000e6400000, 0x00000000e6400000| Untracked 
| 101|0x00000000e6500000, 0x00000000e6500000, 0x00000000e6600000|  0%| F|  |TAMS 0x00000000e6500000, 0x00000000e6500000| Untracked 
| 102|0x00000000e6600000, 0x00000000e6600000, 0x00000000e6700000|  0%| F|  |TAMS 0x00000000e6600000, 0x00000000e6600000| Untracked 
| 103|0x00000000e6700000, 0x00000000e6700000, 0x00000000e6800000|  0%| F|  |TAMS 0x00000000e6700000, 0x00000000e6700000| Untracked 
| 104|0x00000000e6800000, 0x00000000e6800000, 0x00000000e6900000|  0%| F|  |TAMS 0x00000000e6800000, 0x00000000e6800000| Untracked 
| 105|0x00000000e6900000, 0x00000000e6900000, 0x00000000e6a00000|  0%| F|  |TAMS 0x00000000e6900000, 0x00000000e6900000| Untracked 
| 106|0x00000000e6a00000, 0x00000000e6a00000, 0x00000000e6b00000|  0%| F|  |TAMS 0x00000000e6a00000, 0x00000000e6a00000| Untracked 
| 107|0x00000000e6b00000, 0x00000000e6b00000, 0x00000000e6c00000|  0%| F|  |TAMS 0x00000000e6b00000, 0x00000000e6b00000| Untracked 
| 108|0x00000000e6c00000, 0x00000000e6c00000, 0x00000000e6d00000|  0%| F|  |TAMS 0x00000000e6c00000, 0x00000000e6c00000| Untracked 
| 109|0x00000000e6d00000, 0x00000000e6d00000, 0x00000000e6e00000|  0%| F|  |TAMS 0x00000000e6d00000, 0x00000000e6d00000| Untracked 
| 110|0x00000000e6e00000, 0x00000000e6e00000, 0x00000000e6f00000|  0%| F|  |TAMS 0x00000000e6e00000, 0x00000000e6e00000| Untracked 
| 111|0x00000000e6f00000, 0x00000000e6f00000, 0x00000000e7000000|  0%| F|  |TAMS 0x00000000e6f00000, 0x00000000e6f00000| Untracked 
| 112|0x00000000e7000000, 0x00000000e7000000, 0x00000000e7100000|  0%| F|  |TAMS 0x00000000e7000000, 0x00000000e7000000| Untracked 
| 113|0x00000000e7100000, 0x00000000e7100000, 0x00000000e7200000|  0%| F|  |TAMS 0x00000000e7100000, 0x00000000e7100000| Untracked 
| 114|0x00000000e7200000, 0x00000000e7200000, 0x00000000e7300000|  0%| F|  |TAMS 0x00000000e7200000, 0x00000000e7200000| Untracked 
| 115|0x00000000e7300000, 0x00000000e7300000, 0x00000000e7400000|  0%| F|  |TAMS 0x00000000e7300000, 0x00000000e7300000| Untracked 
| 116|0x00000000e7400000, 0x00000000e7400000, 0x00000000e7500000|  0%| F|  |TAMS 0x00000000e7400000, 0x00000000e7400000| Untracked 
| 117|0x00000000e7500000, 0x00000000e7500000, 0x00000000e7600000|  0%| F|  |TAMS 0x00000000e7500000, 0x00000000e7500000| Untracked 
| 118|0x00000000e7600000, 0x00000000e7600000, 0x00000000e7700000|  0%| F|  |TAMS 0x00000000e7600000, 0x00000000e7600000| Untracked 
| 119|0x00000000e7700000, 0x00000000e7700000, 0x00000000e7800000|  0%| F|  |TAMS 0x00000000e7700000, 0x00000000e7700000| Untracked 
| 120|0x00000000e7800000, 0x00000000e7850410, 0x00000000e7900000| 31%| S|CS|TAMS 0x00000000e7800000, 0x00000000e7800000| Complete 
| 121|0x00000000e7900000, 0x00000000e7a00000, 0x00000000e7a00000|100%| S|CS|TAMS 0x00000000e7900000, 0x00000000e7900000| Complete 
| 122|0x00000000e7a00000, 0x00000000e7b00000, 0x00000000e7b00000|100%| S|CS|TAMS 0x00000000e7a00000, 0x00000000e7a00000| Complete 
| 123|0x00000000e7b00000, 0x00000000e7c00000, 0x00000000e7c00000|100%| S|CS|TAMS 0x00000000e7b00000, 0x00000000e7b00000| Complete 
| 124|0x00000000e7c00000, 0x00000000e7c00000, 0x00000000e7d00000|  0%| F|  |TAMS 0x00000000e7c00000, 0x00000000e7c00000| Untracked 
| 125|0x00000000e7d00000, 0x00000000e7d00000, 0x00000000e7e00000|  0%| F|  |TAMS 0x00000000e7d00000, 0x00000000e7d00000| Untracked 
| 126|0x00000000e7e00000, 0x00000000e7e00000, 0x00000000e7f00000|  0%| F|  |TAMS 0x00000000e7e00000, 0x00000000e7e00000| Untracked 
| 127|0x00000000e7f00000, 0x00000000e7f00000, 0x00000000e8000000|  0%| F|  |TAMS 0x00000000e7f00000, 0x00000000e7f00000| Untracked 
| 128|0x00000000e8000000, 0x00000000e8000000, 0x00000000e8100000|  0%| F|  |TAMS 0x00000000e8000000, 0x00000000e8000000| Untracked 
| 129|0x00000000e8100000, 0x00000000e8100000, 0x00000000e8200000|  0%| F|  |TAMS 0x00000000e8100000, 0x00000000e8100000| Untracked 
| 130|0x00000000e8200000, 0x00000000e8200000, 0x00000000e8300000|  0%| F|  |TAMS 0x00000000e8200000, 0x00000000e8200000| Untracked 
| 131|0x00000000e8300000, 0x00000000e8300000, 0x00000000e8400000|  0%| F|  |TAMS 0x00000000e8300000, 0x00000000e8300000| Untracked 
| 132|0x00000000e8400000, 0x00000000e8400000, 0x00000000e8500000|  0%| F|  |TAMS 0x00000000e8400000, 0x00000000e8400000| Untracked 
| 133|0x00000000e8500000, 0x00000000e8500000, 0x00000000e8600000|  0%| F|  |TAMS 0x00000000e8500000, 0x00000000e8500000| Untracked 
| 134|0x00000000e8600000, 0x00000000e8600000, 0x00000000e8700000|  0%| F|  |TAMS 0x00000000e8600000, 0x00000000e8600000| Untracked 
| 135|0x00000000e8700000, 0x00000000e8700000, 0x00000000e8800000|  0%| F|  |TAMS 0x00000000e8700000, 0x00000000e8700000| Untracked 
| 136|0x00000000e8800000, 0x00000000e8800000, 0x00000000e8900000|  0%| F|  |TAMS 0x00000000e8800000, 0x00000000e8800000| Untracked 
| 137|0x00000000e8900000, 0x00000000e8900000, 0x00000000e8a00000|  0%| F|  |TAMS 0x00000000e8900000, 0x00000000e8900000| Untracked 
| 138|0x00000000e8a00000, 0x00000000e8a00000, 0x00000000e8b00000|  0%| F|  |TAMS 0x00000000e8a00000, 0x00000000e8a00000| Untracked 
| 139|0x00000000e8b00000, 0x00000000e8b00000, 0x00000000e8c00000|  0%| F|  |TAMS 0x00000000e8b00000, 0x00000000e8b00000| Untracked 
| 140|0x00000000e8c00000, 0x00000000e8c00000, 0x00000000e8d00000|  0%| F|  |TAMS 0x00000000e8c00000, 0x00000000e8c00000| Untracked 
| 141|0x00000000e8d00000, 0x00000000e8d00000, 0x00000000e8e00000|  0%| F|  |TAMS 0x00000000e8d00000, 0x00000000e8d00000| Untracked 
| 142|0x00000000e8e00000, 0x00000000e8e00000, 0x00000000e8f00000|  0%| F|  |TAMS 0x00000000e8e00000, 0x00000000e8e00000| Untracked 
| 143|0x00000000e8f00000, 0x00000000e8f00000, 0x00000000e9000000|  0%| F|  |TAMS 0x00000000e8f00000, 0x00000000e8f00000| Untracked 
| 144|0x00000000e9000000, 0x00000000e9000000, 0x00000000e9100000|  0%| F|  |TAMS 0x00000000e9000000, 0x00000000e9000000| Untracked 
| 145|0x00000000e9100000, 0x00000000e9100000, 0x00000000e9200000|  0%| F|  |TAMS 0x00000000e9100000, 0x00000000e9100000| Untracked 
| 146|0x00000000e9200000, 0x00000000e9200000, 0x00000000e9300000|  0%| F|  |TAMS 0x00000000e9200000, 0x00000000e9200000| Untracked 
| 147|0x00000000e9300000, 0x00000000e9300000, 0x00000000e9400000|  0%| F|  |TAMS 0x00000000e9300000, 0x00000000e9300000| Untracked 
| 148|0x00000000e9400000, 0x00000000e9400000, 0x00000000e9500000|  0%| F|  |TAMS 0x00000000e9400000, 0x00000000e9400000| Untracked 
| 149|0x00000000e9500000, 0x00000000e9500000, 0x00000000e9600000|  0%| F|  |TAMS 0x00000000e9500000, 0x00000000e9500000| Untracked 
| 150|0x00000000e9600000, 0x00000000e9600000, 0x00000000e9700000|  0%| F|  |TAMS 0x00000000e9600000, 0x00000000e9600000| Untracked 
| 151|0x00000000e9700000, 0x00000000e9700000, 0x00000000e9800000|  0%| F|  |TAMS 0x00000000e9700000, 0x00000000e9700000| Untracked 
| 152|0x00000000e9800000, 0x00000000e9800000, 0x00000000e9900000|  0%| F|  |TAMS 0x00000000e9800000, 0x00000000e9800000| Untracked 
| 153|0x00000000e9900000, 0x00000000e9900000, 0x00000000e9a00000|  0%| F|  |TAMS 0x00000000e9900000, 0x00000000e9900000| Untracked 
| 154|0x00000000e9a00000, 0x00000000e9a00000, 0x00000000e9b00000|  0%| F|  |TAMS 0x00000000e9a00000, 0x00000000e9a00000| Untracked 
| 155|0x00000000e9b00000, 0x00000000e9b00000, 0x00000000e9c00000|  0%| F|  |TAMS 0x00000000e9b00000, 0x00000000e9b00000| Untracked 
| 156|0x00000000e9c00000, 0x00000000e9c00000, 0x00000000e9d00000|  0%| F|  |TAMS 0x00000000e9c00000, 0x00000000e9c00000| Untracked 
| 157|0x00000000e9d00000, 0x00000000e9d00000, 0x00000000e9e00000|  0%| F|  |TAMS 0x00000000e9d00000, 0x00000000e9d00000| Untracked 
| 158|0x00000000e9e00000, 0x00000000e9e00000, 0x00000000e9f00000|  0%| F|  |TAMS 0x00000000e9e00000, 0x00000000e9e00000| Untracked 
| 159|0x00000000e9f00000, 0x00000000e9f00000, 0x00000000ea000000|  0%| F|  |TAMS 0x00000000e9f00000, 0x00000000e9f00000| Untracked 
| 160|0x00000000ea000000, 0x00000000ea000000, 0x00000000ea100000|  0%| F|  |TAMS 0x00000000ea000000, 0x00000000ea000000| Untracked 
| 161|0x00000000ea100000, 0x00000000ea100000, 0x00000000ea200000|  0%| F|  |TAMS 0x00000000ea100000, 0x00000000ea100000| Untracked 
| 162|0x00000000ea200000, 0x00000000ea200000, 0x00000000ea300000|  0%| F|  |TAMS 0x00000000ea200000, 0x00000000ea200000| Untracked 
| 163|0x00000000ea300000, 0x00000000ea300000, 0x00000000ea400000|  0%| F|  |TAMS 0x00000000ea300000, 0x00000000ea300000| Untracked 
| 164|0x00000000ea400000, 0x00000000ea400000, 0x00000000ea500000|  0%| F|  |TAMS 0x00000000ea400000, 0x00000000ea400000| Untracked 
| 165|0x00000000ea500000, 0x00000000ea500000, 0x00000000ea600000|  0%| F|  |TAMS 0x00000000ea500000, 0x00000000ea500000| Untracked 
| 166|0x00000000ea600000, 0x00000000ea600000, 0x00000000ea700000|  0%| F|  |TAMS 0x00000000ea600000, 0x00000000ea600000| Untracked 
| 167|0x00000000ea700000, 0x00000000ea700000, 0x00000000ea800000|  0%| F|  |TAMS 0x00000000ea700000, 0x00000000ea700000| Untracked 
| 168|0x00000000ea800000, 0x00000000ea800000, 0x00000000ea900000|  0%| F|  |TAMS 0x00000000ea800000, 0x00000000ea800000| Untracked 
| 169|0x00000000ea900000, 0x00000000ea9f1d50, 0x00000000eaa00000| 94%| E|  |TAMS 0x00000000ea900000, 0x00000000ea900000| Complete 
| 170|0x00000000eaa00000, 0x00000000eab00000, 0x00000000eab00000|100%| E|  |TAMS 0x00000000eaa00000, 0x00000000eaa00000| Complete 

Card table byte_map: [0x0000016862ca0000,0x0000016862da0000] _byte_map_base: 0x00000168625a0000

Marking Bits (Prev, Next): (CMBitMap*) 0x000001684b9babf8, (CMBitMap*) 0x000001684b9bac30
 Prev Bits: [0x0000016862ea0000, 0x00000168636a0000)
 Next Bits: [0x00000168636a0000, 0x0000016863ea0000)

Polling page: 0x000001684b0e0000

Metaspace:

Usage:
  Non-class:     58.40 MB capacity,    57.61 MB ( 99%) used,   686.99 KB (  1%) free+waste,   121.81 KB ( <1%) overhead. 
      Class:      8.42 MB capacity,     8.02 MB ( 95%) used,   353.22 KB (  4%) free+waste,    50.63 KB ( <1%) overhead. 
       Both:     66.82 MB capacity,    65.63 MB ( 98%) used,     1.02 MB (  2%) free+waste,   172.44 KB ( <1%) overhead. 

Virtual space:
  Non-class space:       60.00 MB reserved,      58.70 MB ( 98%) committed 
      Class space:      248.00 MB reserved,       8.50 MB (  3%) committed 
             Both:      308.00 MB reserved,      67.20 MB ( 22%) committed 

Chunk freelists:
   Non-Class:  14.00 KB
       Class:  10.63 KB
        Both:  24.63 KB

CodeHeap 'non-profiled nmethods': size=120064Kb used=6565Kb max_used=6565Kb free=113498Kb
 bounds [0x000001685b760000, 0x000001685bdd0000, 0x0000016862ca0000]
CodeHeap 'profiled nmethods': size=120000Kb used=22760Kb max_used=22760Kb free=97239Kb
 bounds [0x0000016854230000, 0x0000016855890000, 0x000001685b760000]
CodeHeap 'non-nmethods': size=5696Kb used=2259Kb max_used=2318Kb free=3436Kb
 bounds [0x0000016853ca0000, 0x0000016853f10000, 0x0000016854230000]
 total_blobs=15693 nmethods=10346 adapters=756
 compilation: enabled
              stopped_count=0, restarted_count=0
 full_count=0

Compilation events (10 events):
Event: 3862.682 Thread 0x0000016866c8b800 11942       3       org.gradle.internal.operations.OperationIdentifier::equals (47 bytes)
Event: 3862.683 Thread 0x0000016866c8b800 nmethod 11942 0x000001685587d190 code [0x000001685587d360, 0x000001685587d738]
Event: 3862.701 Thread 0x0000016866c8b800 11943       3       org.codehaus.groovy.runtime.ScriptBytecodeAdapter::createMap (5 bytes)
Event: 3862.701 Thread 0x0000016866c8b800 nmethod 11943 0x0000016854dc2f90 code [0x0000016854dc3140, 0x0000016854dc32b0]
Event: 3862.701 Thread 0x0000016866c8b800 11944       3       org.codehaus.groovy.runtime.InvokerHelper::createMap (144 bytes)
Event: 3862.703 Thread 0x0000016866c8b800 nmethod 11944 0x000001685587d810 code [0x000001685587db20, 0x000001685587ef30]
Event: 3862.703 Thread 0x0000016866c8b800 11945       3       org.codehaus.groovy.runtime.DefaultGroovyMethods::addEntry (172 bytes)
Event: 3862.704 Thread 0x0000016866c8b800 nmethod 11945 0x000001685587f510 code [0x000001685587f880, 0x0000016855881060]
Event: 3862.721 Thread 0x0000016866c8b800 11946       3       org.codehaus.groovy.runtime.dgm$54::doMethodInvoke (17 bytes)
Event: 3862.721 Thread 0x0000016866c8b800 nmethod 11946 0x0000016855881590 code [0x0000016855881760, 0x0000016855881a40]

GC Heap History (10 events):
Event: 3313.421 GC heap before
{Heap before GC invocations=62 (full 0):
 garbage-first heap   total 159744K, used 157695K [0x00000000e0000000, 0x0000000100000000)
  region size 1024K, 8 young (8192K), 4 survivors (4096K)
 Metaspace       used 66287K, capacity 67426K, committed 68044K, reserved 313344K
  class space    used 8181K, capacity 8562K, committed 8704K, reserved 253952K
}
Event: 3313.432 GC heap after
{Heap after GC invocations=63 (full 0):
 garbage-first heap   total 162816K, used 49440K [0x00000000e0000000, 0x0000000100000000)
  region size 1024K, 3 young (3072K), 3 survivors (3072K)
 Metaspace       used 66287K, capacity 67426K, committed 68044K, reserved 313344K
  class space    used 8181K, capacity 8562K, committed 8704K, reserved 253952K
}
Event: 3385.290 GC heap before
{Heap before GC invocations=63 (full 0):
 garbage-first heap   total 162816K, used 53536K [0x00000000e0000000, 0x0000000100000000)
  region size 1024K, 7 young (7168K), 3 survivors (3072K)
 Metaspace       used 66312K, capacity 67453K, committed 68044K, reserved 313344K
  class space    used 8184K, capacity 8569K, committed 8704K, reserved 253952K
}
Event: 3385.317 GC heap after
{Heap after GC invocations=64 (full 0):
 garbage-first heap   total 162816K, used 45426K [0x00000000e0000000, 0x0000000100000000)
  region size 1024K, 1 young (1024K), 1 survivors (1024K)
 Metaspace       used 66312K, capacity 67453K, committed 68044K, reserved 313344K
  class space    used 8184K, capacity 8569K, committed 8704K, reserved 253952K
}
Event: 3804.886 GC heap before
{Heap before GC invocations=64 (full 0):
 garbage-first heap   total 162816K, used 118130K [0x00000000e0000000, 0x0000000100000000)
  region size 1024K, 74 young (75776K), 1 survivors (1024K)
 Metaspace       used 66752K, capacity 67960K, committed 68300K, reserved 315392K
  class space    used 8202K, capacity 8599K, committed 8704K, reserved 253952K
}
Event: 3804.919 GC heap after
{Heap after GC invocations=65 (full 0):
 garbage-first heap   total 162816K, used 50276K [0x00000000e0000000, 0x0000000100000000)
  region size 1024K, 6 young (6144K), 6 survivors (6144K)
 Metaspace       used 66752K, capacity 67960K, committed 68300K, reserved 315392K
  class space    used 8202K, capacity 8599K, committed 8704K, reserved 253952K
}
Event: 3805.673 GC heap before
{Heap before GC invocations=66 (full 0):
 garbage-first heap   total 169984K, used 168036K [0x00000000e0000000, 0x0000000100000000)
  region size 1024K, 13 young (13312K), 6 survivors (6144K)
 Metaspace       used 66684K, capacity 67843K, committed 68300K, reserved 315392K
  class space    used 8187K, capacity 8572K, committed 8704K, reserved 253952K
}
Event: 3805.682 GC heap after
{Heap after GC invocations=67 (full 0):
 garbage-first heap   total 175104K, used 49793K [0x00000000e0000000, 0x0000000100000000)
  region size 1024K, 5 young (5120K), 5 survivors (5120K)
 Metaspace       used 66684K, capacity 67843K, committed 68300K, reserved 315392K
  class space    used 8187K, capacity 8572K, committed 8704K, reserved 253952K
}
Event: 3807.788 GC heap before
{Heap before GC invocations=67 (full 0):
 garbage-first heap   total 175104K, used 61057K [0x00000000e0000000, 0x0000000100000000)
  region size 1024K, 8 young (8192K), 5 survivors (5120K)
 Metaspace       used 66684K, capacity 67843K, committed 68300K, reserved 315392K
  class space    used 8187K, capacity 8572K, committed 8704K, reserved 253952K
}
Event: 3807.817 GC heap after
{Heap after GC invocations=68 (full 0):
 garbage-first heap   total 175104K, used 48887K [0x00000000e0000000, 0x0000000100000000)
  region size 1024K, 1 young (1024K), 1 survivors (1024K)
 Metaspace       used 66684K, capacity 67843K, committed 68300K, reserved 315392K
  class space    used 8187K, capacity 8572K, committed 8704K, reserved 253952K
}

Deoptimization events (10 events):
Event: 3803.082 Thread 0x000001686b2b7800 Uncommon trap: reason=bimorphic_or_optimized_type_check action=maybe_recompile pc=0x000001685bb03768 method=java.util.HashMap.removeNode(ILjava/lang/Object;Ljava/lang/Object;ZZ)Ljava/util/HashMap$Node; @ 143 c2
Event: 3803.084 Thread 0x000001686b2b7800 Uncommon trap: reason=bimorphic_or_optimized_type_check action=maybe_recompile pc=0x000001685baf2dac method=java.util.HashMap.removeNode(ILjava/lang/Object;Ljava/lang/Object;ZZ)Ljava/util/HashMap$Node; @ 143 c2
Event: 3803.510 Thread 0x000001686b2b7800 Uncommon trap: reason=unstable_if action=reinterpret pc=0x000001685bbc7eb0 method=com.sun.tools.javac.jvm.Code.typecode(Lcom/sun/tools/javac/code/Type;)I @ 11 c2
Event: 3803.512 Thread 0x000001686b2b7800 Uncommon trap: reason=class_check action=maybe_recompile pc=0x000001685bcc7b98 method=com.sun.tools.javac.code.Types$5.visitType(Lcom/sun/tools/javac/code/Type;Lcom/sun/tools/javac/code/Type;)Ljava/lang/Boolean; @ 34 c2
Event: 3803.513 Thread 0x000001686b2b7800 Uncommon trap: reason=class_check action=maybe_recompile pc=0x000001685bcc7b98 method=com.sun.tools.javac.code.Types$5.visitType(Lcom/sun/tools/javac/code/Type;Lcom/sun/tools/javac/code/Type;)Ljava/lang/Boolean; @ 34 c2
Event: 3803.514 Thread 0x000001686b2b7800 Uncommon trap: reason=class_check action=maybe_recompile pc=0x000001685bcc7b98 method=com.sun.tools.javac.code.Types$5.visitType(Lcom/sun/tools/javac/code/Type;Lcom/sun/tools/javac/code/Type;)Ljava/lang/Boolean; @ 34 c2
Event: 3803.514 Thread 0x000001686b2b7800 Uncommon trap: reason=class_check action=maybe_recompile pc=0x000001685bcc7b98 method=com.sun.tools.javac.code.Types$5.visitType(Lcom/sun/tools/javac/code/Type;Lcom/sun/tools/javac/code/Type;)Ljava/lang/Boolean; @ 34 c2
Event: 3803.514 Thread 0x000001686b2b7800 Uncommon trap: reason=class_check action=maybe_recompile pc=0x000001685bcc9c0c method=com.sun.tools.javac.code.Types$5.visitType(Lcom/sun/tools/javac/code/Type;Lcom/sun/tools/javac/code/Type;)Ljava/lang/Boolean; @ 34 c2
Event: 3861.328 Thread 0x000001686d48a000 Uncommon trap: reason=unstable_if action=reinterpret pc=0x000001685b8756b0 method=java.lang.ref.SoftReference.get()Ljava/lang/Object; @ 6 c2
Event: 3862.651 Thread 0x000001686b3b6000 Uncommon trap: reason=unstable_if action=reinterpret pc=0x000001685b7d17f8 method=java.util.concurrent.locks.AbstractQueuedSynchronizer.doReleaseShared()V @ 69 c2

Classes redefined (0 events):
No events

Internal exceptions (10 events):
Event: 3861.653 Thread 0x000001686d48a000 Exception <a 'sun/nio/fs/WindowsException'{0x00000000e90e7a20}> (0x00000000e90e7a20) thrown at [t:/workspace/open/src/hotspot/share/prims/jni.cpp, line 615]
Event: 3861.654 Thread 0x000001686d48a000 Exception <a 'sun/nio/fs/WindowsException'{0x00000000e90e8718}> (0x00000000e90e8718) thrown at [t:/workspace/open/src/hotspot/share/prims/jni.cpp, line 615]
Event: 3861.672 Thread 0x000001686d48a000 Exception <a 'sun/nio/fs/WindowsException'{0x00000000e8f24370}> (0x00000000e8f24370) thrown at [t:/workspace/open/src/hotspot/share/prims/jni.cpp, line 615]
Event: 3861.700 Thread 0x000001686d48a000 Exception <a 'sun/nio/fs/WindowsException'{0x00000000e8d8b6b8}> (0x00000000e8d8b6b8) thrown at [t:/workspace/open/src/hotspot/share/prims/jni.cpp, line 615]
Event: 3861.766 Thread 0x000001686d48a000 Exception <a 'sun/nio/fs/WindowsException'{0x00000000e8c645d0}> (0x00000000e8c645d0) thrown at [t:/workspace/open/src/hotspot/share/prims/jni.cpp, line 615]
Event: 3861.810 Thread 0x000001686d48a000 Exception <a 'sun/nio/fs/WindowsException'{0x00000000e8b3c678}> (0x00000000e8b3c678) thrown at [t:/workspace/open/src/hotspot/share/prims/jni.cpp, line 615]
Event: 3861.822 Thread 0x000001686d48a000 Exception <a 'sun/nio/fs/WindowsException'{0x00000000e8b763d0}> (0x00000000e8b763d0) thrown at [t:/workspace/open/src/hotspot/share/prims/jni.cpp, line 615]
Event: 3861.911 Thread 0x000001686b2b4800 Exception <a 'java/lang/InterruptedException'{0x00000000e8c8b2b0}> (0x00000000e8c8b2b0) thrown at [t:/workspace/open/src/hotspot/share/runtime/objectMonitor.cpp, line 1635]
Event: 3861.913 Thread 0x000001686b2b2800 Exception <a 'java/lang/InterruptedException'{0x00000000e9bfde80}> (0x00000000e9bfde80) thrown at [t:/workspace/open/src/hotspot/share/runtime/objectMonitor.cpp, line 1635]
Event: 3862.094 Thread 0x000001686b2b2000 Exception <a 'java/net/UnknownHostException'{0x00000000e9a05588}> (0x00000000e9a05588) thrown at [t:/workspace/open/src/hotspot/share/prims/jni.cpp, line 615]

Events (10 events):
Event: 3862.064 Executing VM operation: RevokeBias
Event: 3862.064 Executing VM operation: RevokeBias done
Event: 3862.631 Thread 0x000001686b2b8800 Thread added: 0x000001686b2b8800
Event: 3862.632 Executing VM operation: RevokeBias
Event: 3862.632 Executing VM operation: RevokeBias done
Event: 3862.636 Thread 0x000001686b3b4800 Thread added: 0x000001686b3b4800
Event: 3862.641 Thread 0x000001686b3b6000 Thread added: 0x000001686b3b6000
Event: 3862.651 Thread 0x000001686b3b6000 Uncommon trap: trap_request=0xffffff4d fr.pc=0x000001685b7d17f8 relative=0x00000000000000b8
Event: 3862.651 Thread 0x000001686b3b6000 DEOPT PACKING pc=0x000001685b7d17f8 sp=0x000000421b0feab0
Event: 3862.652 Thread 0x000001686b3b6000 DEOPT UNPACKING pc=0x0000016853cc8f2f sp=0x000000421b0fea40 mode 2


Dynamic libraries:
0x00007ff608fe0000 - 0x00007ff609025000 	C:\Users\Public\frc2019\jdk\bin\java.exe
0x00007fff97770000 - 0x00007fff97951000 	C:\WINDOWS\SYSTEM32\ntdll.dll
0x00007fff957a0000 - 0x00007fff95852000 	C:\WINDOWS\System32\KERNEL32.DLL
0x00007fff94020000 - 0x00007fff94293000 	C:\WINDOWS\System32\KERNELBASE.dll
0x00007fff952c0000 - 0x00007fff95450000 	C:\WINDOWS\System32\USER32.dll
0x00007fff93cf0000 - 0x00007fff93d10000 	C:\WINDOWS\System32\win32u.dll
0x00007fff95910000 - 0x00007fff95938000 	C:\WINDOWS\System32\GDI32.dll
0x00007fff942a0000 - 0x00007fff94432000 	C:\WINDOWS\System32\gdi32full.dll
0x00007fff93f00000 - 0x00007fff93f9f000 	C:\WINDOWS\System32\msvcp_win.dll
0x00007fff93b40000 - 0x00007fff93c3a000 	C:\WINDOWS\System32\ucrtbase.dll
0x00007fff7f020000 - 0x00007fff7f289000 	C:\WINDOWS\WinSxS\amd64_microsoft.windows.common-controls_6595b64144ccf1df_6.0.17134.523_none_fb409dd930672a56\COMCTL32.dll
0x00007fff95120000 - 0x00007fff951be000 	C:\WINDOWS\System32\msvcrt.dll
0x00007fff97160000 - 0x00007fff97482000 	C:\WINDOWS\System32\combase.dll
0x00007fff955a0000 - 0x00007fff956c4000 	C:\WINDOWS\System32\RPCRT4.dll
0x00007fff93fa0000 - 0x00007fff9401a000 	C:\WINDOWS\System32\bcryptPrimitives.dll
0x00007fff95940000 - 0x00007fff9596d000 	C:\WINDOWS\System32\IMM32.DLL
0x00007fff79a00000 - 0x00007fff79a16000 	C:\Users\Public\frc2019\jdk\bin\vcruntime140.dll
0x00007fff63b40000 - 0x00007fff63bdb000 	C:\Users\Public\frc2019\jdk\bin\msvcp140.dll
0x00007fff39e70000 - 0x00007fff3a9b1000 	C:\Users\Public\frc2019\jdk\bin\server\jvm.dll
0x00007fff95860000 - 0x00007fff95901000 	C:\WINDOWS\System32\ADVAPI32.dll
0x00007fff97490000 - 0x00007fff974eb000 	C:\WINDOWS\System32\sechost.dll
0x00007fff974f0000 - 0x00007fff974f8000 	C:\WINDOWS\System32\PSAPI.DLL
0x00007fff7ed90000 - 0x00007fff7ed99000 	C:\WINDOWS\SYSTEM32\WSOCK32.dll
0x00007fff917b0000 - 0x00007fff917d3000 	C:\WINDOWS\SYSTEM32\WINMM.dll
0x00007fff89260000 - 0x00007fff8926a000 	C:\WINDOWS\SYSTEM32\VERSION.dll
0x00007fff956d0000 - 0x00007fff9573c000 	C:\WINDOWS\System32\WS2_32.dll
0x00007fff91780000 - 0x00007fff917aa000 	C:\WINDOWS\SYSTEM32\WINMMBASE.dll
0x00007fff93c40000 - 0x00007fff93c89000 	C:\WINDOWS\System32\cfgmgr32.dll
0x00007fff93af0000 - 0x00007fff93b01000 	C:\WINDOWS\System32\kernel.appcore.dll
0x00007fff79920000 - 0x00007fff79931000 	C:\Users\Public\frc2019\jdk\bin\verify.dll
0x00007fff7df30000 - 0x00007fff7e0f9000 	C:\WINDOWS\SYSTEM32\DBGHELP.DLL
0x00007fff7df00000 - 0x00007fff7df29000 	C:\WINDOWS\SYSTEM32\dbgcore.DLL
0x00007fff79330000 - 0x00007fff79358000 	C:\Users\Public\frc2019\jdk\bin\java.dll
0x00007fff79780000 - 0x00007fff79796000 	C:\Users\Public\frc2019\jdk\bin\zip.dll
0x00007fff8e710000 - 0x00007fff8e71a000 	C:\Users\Public\frc2019\jdk\bin\jimage.dll
0x00007fff95970000 - 0x00007fff96db0000 	C:\WINDOWS\System32\SHELL32.dll
0x00007fff97500000 - 0x00007fff975a9000 	C:\WINDOWS\System32\shcore.dll
0x00007fff94440000 - 0x00007fff94b4d000 	C:\WINDOWS\System32\windows.storage.dll
0x00007fff95260000 - 0x00007fff952b1000 	C:\WINDOWS\System32\shlwapi.dll
0x00007fff93b20000 - 0x00007fff93b3f000 	C:\WINDOWS\System32\profapi.dll
0x00007fff93a80000 - 0x00007fff93acc000 	C:\WINDOWS\System32\powrprof.dll
0x00007fff93b10000 - 0x00007fff93b1a000 	C:\WINDOWS\System32\FLTLIB.DLL
0x00007fff78c10000 - 0x00007fff78c29000 	C:\Users\Public\frc2019\jdk\bin\net.dll
0x00007fff8d580000 - 0x00007fff8d65d000 	C:\WINDOWS\SYSTEM32\WINHTTP.dll
0x00007fff93300000 - 0x00007fff93366000 	C:\WINDOWS\system32\mswsock.dll
0x00007fff78a00000 - 0x00007fff78a13000 	C:\Users\Public\frc2019\jdk\bin\nio.dll
0x00007fff7c4b0000 - 0x00007fff7c4ce000 	C:\Users\charl\.gradle\native\25\windows-amd64\native-platform.dll
0x00007fff904f0000 - 0x00007fff904f9000 	C:\Users\Public\frc2019\jdk\bin\management.dll
0x00007fff90480000 - 0x00007fff9048c000 	C:\Users\Public\frc2019\jdk\bin\management_ext.dll
0x00007fff934b0000 - 0x00007fff934c7000 	C:\WINDOWS\SYSTEM32\CRYPTSP.dll
0x00007fff92ed0000 - 0x00007fff92f03000 	C:\WINDOWS\system32\rsaenh.dll
0x00007fff935e0000 - 0x00007fff93605000 	C:\WINDOWS\SYSTEM32\bcrypt.dll
0x00007fff93980000 - 0x00007fff939a8000 	C:\WINDOWS\SYSTEM32\USERENV.dll
0x00007fff934d0000 - 0x00007fff934db000 	C:\WINDOWS\SYSTEM32\CRYPTBASE.dll
0x00007fff93080000 - 0x00007fff930b8000 	C:\WINDOWS\SYSTEM32\IPHLPAPI.DLL
0x00007fff975b0000 - 0x00007fff975b8000 	C:\WINDOWS\System32\NSI.dll
0x00007fff86bf0000 - 0x00007fff86c06000 	C:\WINDOWS\SYSTEM32\dhcpcsvc6.DLL
0x00007fff886f0000 - 0x00007fff8870a000 	C:\WINDOWS\SYSTEM32\dhcpcsvc.DLL
0x00007fff930c0000 - 0x00007fff9317e000 	C:\WINDOWS\SYSTEM32\DNSAPI.dll
0x0000000070a90000 - 0x0000000070a9a000 	C:\Program Files\National Instruments\Shared\mDNS Responder\nimdnsNSP.dll
0x0000000070a80000 - 0x0000000070a90000 	C:\WINDOWS\SYSTEM32\nimdnsResponder.dll
0x00007fff8d520000 - 0x00007fff8d52a000 	C:\Windows\System32\rasadhlp.dll
0x00007fff82ca0000 - 0x00007fff82d12000 	C:\WINDOWS\System32\fwpuclnt.dll
0x00007fff78260000 - 0x00007fff78276000 	C:\WINDOWS\system32\napinsp.dll
0x00007fff78240000 - 0x00007fff7825a000 	C:\WINDOWS\system32\pnrpnsp.dll
0x00007fff903b0000 - 0x00007fff903c9000 	C:\WINDOWS\system32\NLAapi.dll
0x00007fff7da20000 - 0x00007fff7da2e000 	C:\WINDOWS\System32\winrnr.dll
0x00007fff8d6a0000 - 0x00007fff8d6b5000 	C:\WINDOWS\System32\wshbth.dll
0x00007fff89bc0000 - 0x00007fff89bcd000 	C:\Users\Public\frc2019\jdk\bin\sunmscapi.dll
0x00007fff93d10000 - 0x00007fff93ef2000 	C:\WINDOWS\System32\CRYPT32.dll
0x00007fff93ad0000 - 0x00007fff93ae2000 	C:\WINDOWS\System32\MSASN1.dll
0x00007fff935b0000 - 0x00007fff935d6000 	C:\WINDOWS\SYSTEM32\ncrypt.dll
0x00007fff93570000 - 0x00007fff935a6000 	C:\WINDOWS\SYSTEM32\NTASN1.dll
0x00007fff7a0b0000 - 0x00007fff7a0d7000 	C:\Users\Public\frc2019\jdk\bin\sunec.dll

dbghelp: loaded successfully - version: 4.0.5 - missing functions: none
symbol engine: initialized successfully - sym options: 0x614 - pdb path: .;C:\Users\Public\frc2019\jdk\bin;C:\WINDOWS\SYSTEM32;C:\WINDOWS\WinSxS\amd64_microsoft.windows.common-controls_6595b64144ccf1df_6.0.17134.523_none_fb409dd930672a56;C:\Users\Public\frc2019\jdk\bin\server;C:\Users\charl\.gradle\native\25\windows-amd64;C:\Program Files\National Instruments\Shared\mDNS Responder

VM Arguments:
jvm_args: --add-opens=java.base/java.util=ALL-UNNAMED --add-opens=java.base/java.lang=ALL-UNNAMED --add-opens=java.base/java.lang.invoke=ALL-UNNAMED --add-opens=java.prefs/java.util.prefs=ALL-UNNAMED -XX:MaxMetaspaceSize=256m -XX:+HeapDumpOnOutOfMemoryError -Xmx512m -Dfile.encoding=windows-1252 -Duser.country=US -Duser.language=en -Duser.variant 
java_command: org.gradle.launcher.daemon.bootstrap.GradleDaemon 5.0
java_class_path (initial): C:\Users\charl\.gradle\permwrapper\dists\gradle-5.0-bin\pu5208521seraqlersebvqk\gradle-5.0\lib\gradle-launcher-5.0.jar
Launcher Type: SUN_STANDARD

[Global flags]
     intx CICompilerCount                          = 3                                         {product} {ergonomic}
   size_t CompressedClassSpaceSize                 = 260046848                                 {product} {ergonomic}
     uint ConcGCThreads                            = 1                                         {product} {ergonomic}
     uint G1ConcRefinementThreads                  = 4                                         {product} {ergonomic}
   size_t G1HeapRegionSize                         = 1048576                                   {product} {ergonomic}
    uintx GCDrainStackTargetSize                   = 64                                        {product} {ergonomic}
     bool HeapDumpOnOutOfMemoryError               = true                                   {manageable} {command line}
   size_t InitialHeapSize                          = 65011712                                  {product} {ergonomic}
   size_t MarkStackSize                            = 4194304                                   {product} {ergonomic}
   size_t MaxHeapSize                              = 536870912                                 {product} {command line}
   size_t MaxMetaspaceSize                         = 268435456                                 {product} {command line}
   size_t MaxNewSize                               = 321912832                                 {product} {ergonomic}
   size_t MinHeapDeltaBytes                        = 1048576                                   {product} {ergonomic}
    uintx NonNMethodCodeHeapSize                   = 5830092                                {pd product} {ergonomic}
    uintx NonProfiledCodeHeapSize                  = 122914074                              {pd product} {ergonomic}
    uintx ProfiledCodeHeapSize                     = 122914074                              {pd product} {ergonomic}
    uintx ReservedCodeCacheSize                    = 251658240                              {pd product} {ergonomic}
     bool SegmentedCodeCache                       = true                                      {product} {ergonomic}
     bool UseCompressedClassPointers               = true                                 {lp64_product} {ergonomic}
     bool UseCompressedOops                        = true                                 {lp64_product} {ergonomic}
     bool UseG1GC                                  = true                                      {product} {ergonomic}
     bool UseLargePagesIndividualAllocation        = false                                  {pd product} {ergonomic}

Logging:
Log output configuration:
 #0: stdout all=warning uptime,level,tags
 #1: stderr all=off uptime,level,tags

Environment Variables:
JAVA_HOME=C:\Users\Public\frc2019\jdk
CLASSPATH=c:\Users\charl\Desktop\VS Code Projects\Robot2019\\gradle\wrapper\gradle-wrapper.jar
PATH=C:\Users\Public\frc2019\jdk\bin:C:\Program Files\Java\jdk-11.0.2\bin;C:\Program Files (x86)\Intel\iCLS Client\;C:\Program Files\Intel\iCLS Client\;C:\WINDOWS\system32;C:\WINDOWS;C:\WINDOWS\System32\Wbem;C:\WINDOWS\System32\WindowsPowerShell\v1.0\;C:\Program Files (x86)\Intel\Intel(R) Management Engine Components\DAL;C:\Program Files\Intel\Intel(R) Management Engine Components\DAL;C:\Program Files (x86)\Intel\Intel(R) Management Engine Components\IPT;C:\Program Files\Intel\Intel(R) Management Engine Components\IPT;C:\Program Files\PuTTY\;C:\WINDOWS\System32\OpenSSH\;C:\Program Files (x86)\Common Files\Adobe\AGL;C:\Users\Public\frc2019\roborio\bin;C:\Users\Public\frc2019\frccode;C:\Program Files\Git\cmd;C:\Users\charl\AppData\Local\Microsoft\WindowsApps;C:\Users\Public\frc2019\roborio\bin;C:\Users\Public\frc2019\frccode;C:\Users\charl\AppData\Local\GitHubDesktop\bin
USERNAME=charl
OS=Windows_NT
PROCESSOR_IDENTIFIER=Intel64 Family 6 Model 142 Stepping 9, GenuineIntel



---------------  S Y S T E M  ---------------

OS: Windows 10 , 64 bit Build 17134 (10.0.17134.1)

CPU:total 4 (initial active 4) (2 cores per cpu, 2 threads per core) family 6 model 142 stepping 9, cmov, cx8, fxsr, mmx, sse, sse2, sse3, ssse3, sse4.1, sse4.2, popcnt, avx, avx2, aes, clmul, erms, 3dnowpref, lzcnt, ht, tsc, tscinvbit, bmi1, bmi2, adx, fma

Memory: 4k page, system-wide physical 3964M (542M free)
TotalPageFile size 6012M (AvailPageFile size 7M)
current process WorkingSet (physical memory assigned to process): 341M, peak: 359M
current process commit charge ("private bytes"): 406M, peak: 428M

vm_info: OpenJDK 64-Bit Server VM (11.0.1+13) for windows-amd64 JRE (11.0.1+13), built on Oct  6 2018 13:18:13 by "mach5one" with MS VC++ 15.5 (VS2017)

END.
